{"/home/Coder/Escritorio/Prueba/src/app.controller.ts": {"path":"/home/Coder/Escritorio/Prueba/src/app.controller.ts","statementMap":{"0":{"start":{"line":1,"column":0},"end":{"line":1,"column":49}},"1":{"start":{"line":2,"column":0},"end":{"line":2,"column":43}},"2":{"start":{"line":3,"column":0},"end":{"line":3,"column":55}},"3":{"start":{"line":7,"column":7},"end":{"line":14,"column":null}},"4":{"start":{"line":8,"column":31},"end":{"line":8,"column":43}},"5":{"start":{"line":12,"column":4},"end":{"line":12,"column":38}},"6":{"start":{"line":7,"column":13},"end":{"line":7,"column":26}},"7":{"start":{"line":11,"column":2},"end":{"line":13,"column":null}},"8":{"start":{"line":7,"column":13},"end":{"line":14,"column":null}}},"fnMap":{"0":{"name":"(anonymous_2)","decl":{"start":{"line":8,"column":2},"end":{"line":8,"column":31}},"loc":{"start":{"line":8,"column":53},"end":{"line":8,"column":57}}},"1":{"name":"(anonymous_3)","decl":{"start":{"line":11,"column":2},"end":{"line":11,"column":10}},"loc":{"start":{"line":11,"column":10},"end":{"line":13,"column":3}}}},"branchMap":{"0":{"loc":{"start":{"line":8,"column":43},"end":{"line":8,"column":56}},"type":"cond-expr","locations":[{"start":{"line":8,"column":53},"end":{"line":8,"column":56}},{"start":{"line":8,"column":53},"end":{"line":8,"column":56}}]},"1":{"loc":{"start":{"line":8,"column":43},"end":{"line":8,"column":53}},"type":"binary-expr","locations":[{"start":{"line":8,"column":43},"end":{"line":8,"column":56}},{"start":{"line":8,"column":43},"end":{"line":8,"column":53}}]}},"s":{"0":0,"1":0,"2":0,"3":0,"4":0,"5":0,"6":0,"7":0,"8":0},"f":{"0":0,"1":0},"b":{"0":[0,0],"1":[0,0]}}
,"/home/Coder/Escritorio/Prueba/src/app.module.ts": {"path":"/home/Coder/Escritorio/Prueba/src/app.module.ts","statementMap":{"0":{"start":{"line":1,"column":0},"end":{"line":1,"column":40}},"1":{"start":{"line":2,"column":0},"end":{"line":2,"column":49}},"2":{"start":{"line":3,"column":0},"end":{"line":3,"column":43}},"3":{"start":{"line":4,"column":0},"end":{"line":4,"column":61}},"4":{"start":{"line":5,"column":0},"end":{"line":5,"column":48}},"5":{"start":{"line":6,"column":0},"end":{"line":6,"column":48}},"6":{"start":{"line":7,"column":0},"end":{"line":7,"column":48}},"7":{"start":{"line":8,"column":0},"end":{"line":8,"column":62}},"8":{"start":{"line":9,"column":0},"end":{"line":9,"column":48}},"9":{"start":{"line":10,"column":0},"end":{"line":10,"column":60}},"10":{"start":{"line":11,"column":0},"end":{"line":11,"column":54}},"11":{"start":{"line":12,"column":0},"end":{"line":12,"column":66}},"12":{"start":{"line":13,"column":0},"end":{"line":13,"column":54}},"13":{"start":{"line":14,"column":0},"end":{"line":14,"column":54}},"14":{"start":{"line":16,"column":18},"end":{"line":16,"column":36}},"15":{"start":{"line":17,"column":0},"end":{"line":21,"column":1}},"16":{"start":{"line":18,"column":2},"end":{"line":18,"column":34}},"17":{"start":{"line":19,"column":7},"end":{"line":21,"column":1}},"18":{"start":{"line":20,"column":2},"end":{"line":20,"column":31}},"19":{"start":{"line":60,"column":7},"end":{"line":60,"column":null}},"20":{"start":{"line":60,"column":13},"end":{"line":60,"column":22}},"21":{"start":{"line":60,"column":13},"end":{"line":60,"column":null}},"22":{"start":{"line":35,"column":46},"end":{"line":46,"column":8}}},"fnMap":{"0":{"name":"(anonymous_1)","decl":{"start":{"line":35,"column":18},"end":{"line":35,"column":19}},"loc":{"start":{"line":35,"column":46},"end":{"line":46,"column":8}}}},"branchMap":{"0":{"loc":{"start":{"line":17,"column":0},"end":{"line":21,"column":1}},"type":"if","locations":[{"start":{"line":17,"column":0},"end":{"line":21,"column":1}},{"start":{"line":19,"column":7},"end":{"line":21,"column":1}}]},"1":{"loc":{"start":{"line":19,"column":7},"end":{"line":21,"column":1}},"type":"if","locations":[{"start":{"line":19,"column":7},"end":{"line":21,"column":1}},{"start":{},"end":{}}]}},"s":{"0":0,"1":0,"2":0,"3":0,"4":0,"5":0,"6":0,"7":0,"8":0,"9":0,"10":0,"11":0,"12":0,"13":0,"14":0,"15":0,"16":0,"17":0,"18":0,"19":0,"20":0,"21":0,"22":0},"f":{"0":0},"b":{"0":[0,0],"1":[0,0]}}
,"/home/Coder/Escritorio/Prueba/src/app.service.ts": {"path":"/home/Coder/Escritorio/Prueba/src/app.service.ts","statementMap":{"0":{"start":{"line":1,"column":0},"end":{"line":1,"column":44}},"1":{"start":{"line":4,"column":7},"end":{"line":8,"column":null}},"2":{"start":{"line":6,"column":4},"end":{"line":6,"column":26}},"3":{"start":{"line":4,"column":13},"end":{"line":4,"column":23}},"4":{"start":{"line":4,"column":13},"end":{"line":8,"column":null}}},"fnMap":{"0":{"name":"(anonymous_1)","decl":{"start":{"line":5,"column":2},"end":{"line":5,"column":10}},"loc":{"start":{"line":5,"column":10},"end":{"line":7,"column":3}}}},"branchMap":{},"s":{"0":0,"1":0,"2":0,"3":0,"4":0},"f":{"0":0},"b":{}}
,"/home/Coder/Escritorio/Prueba/src/main.ts": {"path":"/home/Coder/Escritorio/Prueba/src/main.ts","statementMap":{"0":{"start":{"line":1,"column":0},"end":{"line":1,"column":48}},"1":{"start":{"line":2,"column":0},"end":{"line":2,"column":43}},"2":{"start":{"line":3,"column":0},"end":{"line":3,"column":41}},"3":{"start":{"line":4,"column":0},"end":{"line":4,"column":65}},"4":{"start":{"line":5,"column":0},"end":{"line":5,"column":47}},"5":{"start":{"line":6,"column":0},"end":{"line":6,"column":28}},"6":{"start":{"line":7,"column":0},"end":{"line":7,"column":77}},"7":{"start":{"line":8,"column":0},"end":{"line":8,"column":83}},"8":{"start":{"line":12,"column":14},"end":{"line":12,"column":49}},"9":{"start":{"line":15,"column":2},"end":{"line":15,"column":20}},"10":{"start":{"line":18,"column":2},"end":{"line":18,"column":19}},"11":{"start":{"line":21,"column":2},"end":{"line":21,"column":32}},"12":{"start":{"line":25,"column":2},"end":{"line":31,"column":4}},"13":{"start":{"line":34,"column":2},"end":{"line":34,"column":56}},"14":{"start":{"line":37,"column":2},"end":{"line":37,"column":50}},"15":{"start":{"line":40,"column":24},"end":{"line":54,"column":12}},"16":{"start":{"line":57,"column":19},"end":{"line":57,"column":67}},"17":{"start":{"line":60,"column":2},"end":{"line":60,"column":49}},"18":{"start":{"line":63,"column":17},"end":{"line":63,"column":39}},"19":{"start":{"line":64,"column":15},"end":{"line":64,"column":52}},"20":{"start":{"line":67,"column":2},"end":{"line":67,"column":25}},"21":{"start":{"line":68,"column":2},"end":{"line":68,"column":51}},"22":{"start":{"line":72,"column":0},"end":{"line":72,"column":12}}},"fnMap":{"0":{"name":"bootstrap","decl":{"start":{"line":10,"column":15},"end":{"line":10,"column":24}},"loc":{"start":{"line":10,"column":24},"end":{"line":69,"column":1}}}},"branchMap":{"0":{"loc":{"start":{"line":64,"column":15},"end":{"line":64,"column":52}},"type":"binary-expr","locations":[{"start":{"line":64,"column":15},"end":{"line":64,"column":44}},{"start":{"line":64,"column":48},"end":{"line":64,"column":52}}]}},"s":{"0":0,"1":0,"2":0,"3":0,"4":0,"5":0,"6":0,"7":0,"8":0,"9":0,"10":0,"11":0,"12":0,"13":0,"14":0,"15":0,"16":0,"17":0,"18":0,"19":0,"20":0,"21":0,"22":0},"f":{"0":0},"b":{"0":[0,0]}}
,"/home/Coder/Escritorio/Prueba/src/auth/auth.controller.ts": {"path":"/home/Coder/Escritorio/Prueba/src/auth/auth.controller.ts","statementMap":{"0":{"start":{"line":1,"column":0},"end":{"line":1,"column":77}},"1":{"start":{"line":2,"column":0},"end":{"line":2,"column":45}},"2":{"start":{"line":3,"column":0},"end":{"line":3,"column":49}},"3":{"start":{"line":4,"column":0},"end":{"line":4,"column":43}},"4":{"start":{"line":5,"column":0},"end":{"line":5,"column":45}},"5":{"start":{"line":6,"column":0},"end":{"line":6,"column":66}},"6":{"start":{"line":8,"column":0},"end":{"line":8,"column":66}},"7":{"start":{"line":12,"column":7},"end":{"line":33,"column":null}},"8":{"start":{"line":13,"column":31},"end":{"line":13,"column":44}},"9":{"start":{"line":18,"column":4},"end":{"line":18,"column":42}},"10":{"start":{"line":24,"column":4},"end":{"line":24,"column":39}},"11":{"start":{"line":31,"column":4},"end":{"line":31,"column":49}},"12":{"start":{"line":12,"column":13},"end":{"line":12,"column":27}},"13":{"start":{"line":17,"column":2},"end":{"line":19,"column":null}},"14":{"start":{"line":23,"column":2},"end":{"line":25,"column":null}},"15":{"start":{"line":30,"column":2},"end":{"line":32,"column":null}},"16":{"start":{"line":12,"column":13},"end":{"line":33,"column":null}}},"fnMap":{"0":{"name":"(anonymous_4)","decl":{"start":{"line":13,"column":2},"end":{"line":13,"column":31}},"loc":{"start":{"line":13,"column":55},"end":{"line":13,"column":60}}},"1":{"name":"(anonymous_5)","decl":{"start":{"line":17,"column":2},"end":{"line":17,"column":10}},"loc":{"start":{"line":17,"column":35},"end":{"line":19,"column":3}}},"2":{"name":"(anonymous_6)","decl":{"start":{"line":23,"column":2},"end":{"line":23,"column":7}},"loc":{"start":{"line":23,"column":29},"end":{"line":25,"column":3}}},"3":{"name":"(anonymous_7)","decl":{"start":{"line":30,"column":2},"end":{"line":30,"column":12}},"loc":{"start":{"line":30,"column":40},"end":{"line":32,"column":3}}}},"branchMap":{"0":{"loc":{"start":{"line":17,"column":24},"end":{"line":17,"column":null}},"type":"cond-expr","locations":[{"start":{"line":17,"column":35},"end":{"line":17,"column":null}},{"start":{"line":17,"column":35},"end":{"line":17,"column":null}}]},"1":{"loc":{"start":{"line":17,"column":24},"end":{"line":17,"column":35}},"type":"binary-expr","locations":[{"start":{"line":17,"column":24},"end":{"line":17,"column":null}},{"start":{"line":17,"column":24},"end":{"line":17,"column":35}}]},"2":{"loc":{"start":{"line":23,"column":21},"end":{"line":23,"column":null}},"type":"cond-expr","locations":[{"start":{"line":23,"column":29},"end":{"line":23,"column":null}},{"start":{"line":23,"column":29},"end":{"line":23,"column":null}}]},"3":{"loc":{"start":{"line":23,"column":21},"end":{"line":23,"column":29}},"type":"binary-expr","locations":[{"start":{"line":23,"column":21},"end":{"line":23,"column":null}},{"start":{"line":23,"column":21},"end":{"line":23,"column":29}}]},"4":{"loc":{"start":{"line":13,"column":44},"end":{"line":13,"column":59}},"type":"cond-expr","locations":[{"start":{"line":13,"column":55},"end":{"line":13,"column":59}},{"start":{"line":13,"column":55},"end":{"line":13,"column":59}}]},"5":{"loc":{"start":{"line":13,"column":44},"end":{"line":13,"column":55}},"type":"binary-expr","locations":[{"start":{"line":13,"column":44},"end":{"line":13,"column":59}},{"start":{"line":13,"column":44},"end":{"line":13,"column":55}}]}},"s":{"0":0,"1":0,"2":0,"3":0,"4":0,"5":0,"6":0,"7":0,"8":0,"9":0,"10":0,"11":0,"12":0,"13":0,"14":0,"15":0,"16":0},"f":{"0":0,"1":0,"2":0,"3":0},"b":{"0":[0,0],"1":[0,0],"2":[0,0],"3":[0,0],"4":[0,0],"5":[0,0]}}
,"/home/Coder/Escritorio/Prueba/src/auth/auth.module.ts": {"path":"/home/Coder/Escritorio/Prueba/src/auth/auth.module.ts","statementMap":{"0":{"start":{"line":1,"column":0},"end":{"line":1,"column":40}},"1":{"start":{"line":2,"column":0},"end":{"line":2,"column":40}},"2":{"start":{"line":3,"column":0},"end":{"line":3,"column":50}},"3":{"start":{"line":4,"column":0},"end":{"line":4,"column":45}},"4":{"start":{"line":5,"column":0},"end":{"line":5,"column":51}},"5":{"start":{"line":6,"column":0},"end":{"line":6,"column":49}},"6":{"start":{"line":7,"column":0},"end":{"line":7,"column":49}},"7":{"start":{"line":8,"column":0},"end":{"line":8,"column":45}},"8":{"start":{"line":9,"column":0},"end":{"line":9,"column":61}},"9":{"start":{"line":30,"column":7},"end":{"line":30,"column":null}},"10":{"start":{"line":30,"column":13},"end":{"line":30,"column":23}},"11":{"start":{"line":30,"column":13},"end":{"line":30,"column":null}},"12":{"start":{"line":19,"column":46},"end":{"line":24,"column":8}}},"fnMap":{"0":{"name":"(anonymous_1)","decl":{"start":{"line":19,"column":18},"end":{"line":19,"column":19}},"loc":{"start":{"line":19,"column":46},"end":{"line":24,"column":8}}}},"branchMap":{},"s":{"0":0,"1":0,"2":0,"3":0,"4":0,"5":0,"6":0,"7":0,"8":0,"9":0,"10":0,"11":0,"12":0},"f":{"0":0},"b":{}}
,"/home/Coder/Escritorio/Prueba/src/auth/auth.service.ts": {"path":"/home/Coder/Escritorio/Prueba/src/auth/auth.service.ts","statementMap":{"0":{"start":{"line":1,"column":0},"end":{"line":1,"column":75}},"1":{"start":{"line":2,"column":0},"end":{"line":2,"column":51}},"2":{"start":{"line":3,"column":0},"end":{"line":3,"column":41}},"3":{"start":{"line":4,"column":0},"end":{"line":4,"column":33}},"4":{"start":{"line":5,"column":0},"end":{"line":5,"column":47}},"5":{"start":{"line":8,"column":0},"end":{"line":8,"column":53}},"6":{"start":{"line":9,"column":0},"end":{"line":9,"column":37}},"7":{"start":{"line":11,"column":0},"end":{"line":11,"column":51}},"8":{"start":{"line":14,"column":24},"end":{"line":72,"column":null}},"9":{"start":{"line":15,"column":28},"end":{"line":15,"column":56}},"10":{"start":{"line":18,"column":21},"end":{"line":18,"column":34}},"11":{"start":{"line":19,"column":21},"end":{"line":19,"column":26}},"12":{"start":{"line":20,"column":21},"end":{"line":20,"column":29}},"13":{"start":{"line":23,"column":21},"end":{"line":23,"column":37}},"14":{"start":{"line":28,"column":24},"end":{"line":30,"column":6}},"15":{"start":{"line":32,"column":4},"end":{"line":34,"column":5}},"16":{"start":{"line":33,"column":6},"end":{"line":33,"column":56}},"17":{"start":{"line":36,"column":41},"end":{"line":39,"column":6}},"18":{"start":{"line":41,"column":4},"end":{"line":41,"column":50}},"19":{"start":{"line":46,"column":17},"end":{"line":46,"column":62}},"20":{"start":{"line":48,"column":4},"end":{"line":50,"column":5}},"21":{"start":{"line":49,"column":6},"end":{"line":49,"column":64}},"22":{"start":{"line":52,"column":4},"end":{"line":54,"column":5}},"23":{"start":{"line":53,"column":6},"end":{"line":53,"column":61}},"24":{"start":{"line":56,"column":20},"end":{"line":56,"column":69}},"25":{"start":{"line":58,"column":4},"end":{"line":60,"column":5}},"26":{"start":{"line":59,"column":6},"end":{"line":59,"column":64}},"27":{"start":{"line":62,"column":20},"end":{"line":62,"column":77}},"28":{"start":{"line":64,"column":24},"end":{"line":64,"column":46}},"29":{"start":{"line":66,"column":4},"end":{"line":66,"column":27}},"30":{"start":{"line":70,"column":4},"end":{"line":70,"column":44}},"31":{"start":{"line":14,"column":13},"end":{"line":14,"column":24}},"32":{"start":{"line":14,"column":13},"end":{"line":72,"column":null}}},"fnMap":{"0":{"name":"(anonymous_13)","decl":{"start":{"line":17,"column":2},"end":{"line":17,"column":null}},"loc":{"start":{"line":23,"column":53},"end":{"line":24,"column":7}}},"1":{"name":"(anonymous_14)","decl":{"start":{"line":27,"column":2},"end":{"line":27,"column":7}},"loc":{"start":{"line":27,"column":33},"end":{"line":42,"column":3}}},"2":{"name":"(anonymous_15)","decl":{"start":{"line":45,"column":2},"end":{"line":45,"column":7}},"loc":{"start":{"line":45,"column":27},"end":{"line":67,"column":3}}},"3":{"name":"(anonymous_16)","decl":{"start":{"line":69,"column":2},"end":{"line":69,"column":7}},"loc":{"start":{"line":69,"column":33},"end":{"line":71,"column":3}}}},"branchMap":{"0":{"loc":{"start":{"line":32,"column":4},"end":{"line":34,"column":5}},"type":"if","locations":[{"start":{"line":32,"column":4},"end":{"line":34,"column":5}},{"start":{},"end":{}}]},"1":{"loc":{"start":{"line":48,"column":4},"end":{"line":50,"column":5}},"type":"if","locations":[{"start":{"line":48,"column":4},"end":{"line":50,"column":5}},{"start":{},"end":{}}]},"2":{"loc":{"start":{"line":52,"column":4},"end":{"line":54,"column":5}},"type":"if","locations":[{"start":{"line":52,"column":4},"end":{"line":54,"column":5}},{"start":{},"end":{}}]},"3":{"loc":{"start":{"line":58,"column":4},"end":{"line":60,"column":5}},"type":"if","locations":[{"start":{"line":58,"column":4},"end":{"line":60,"column":5}},{"start":{},"end":{}}]},"4":{"loc":{"start":{"line":18,"column":34},"end":{"line":18,"column":null}},"type":"cond-expr","locations":[{"start":{"line":18,"column":45},"end":{"line":18,"column":null}},{"start":{"line":18,"column":45},"end":{"line":18,"column":null}}]},"5":{"loc":{"start":{"line":18,"column":34},"end":{"line":18,"column":45}},"type":"binary-expr","locations":[{"start":{"line":18,"column":34},"end":{"line":18,"column":null}},{"start":{"line":18,"column":34},"end":{"line":18,"column":45}}]},"6":{"loc":{"start":{"line":18,"column":45},"end":{"line":19,"column":null}},"type":"cond-expr","locations":[{"start":{"line":19,"column":36},"end":{"line":19,"column":null}},{"start":{"line":19,"column":36},"end":{"line":19,"column":null}}]},"7":{"loc":{"start":{"line":18,"column":45},"end":{"line":19,"column":36}},"type":"binary-expr","locations":[{"start":{"line":18,"column":45},"end":{"line":19,"column":null}},{"start":{"line":19,"column":26},"end":{"line":19,"column":36}}]},"8":{"loc":{"start":{"line":19,"column":36},"end":{"line":20,"column":null}},"type":"cond-expr","locations":[{"start":{"line":20,"column":42},"end":{"line":20,"column":null}},{"start":{"line":20,"column":42},"end":{"line":20,"column":null}}]},"9":{"loc":{"start":{"line":19,"column":36},"end":{"line":20,"column":42}},"type":"binary-expr","locations":[{"start":{"line":19,"column":36},"end":{"line":20,"column":null}},{"start":{"line":20,"column":29},"end":{"line":20,"column":42}}]},"10":{"loc":{"start":{"line":20,"column":42},"end":{"line":23,"column":53}},"type":"cond-expr","locations":[{"start":{"line":23,"column":47},"end":{"line":23,"column":53}},{"start":{"line":23,"column":47},"end":{"line":23,"column":53}}]},"11":{"loc":{"start":{"line":20,"column":42},"end":{"line":23,"column":47}},"type":"binary-expr","locations":[{"start":{"line":20,"column":42},"end":{"line":23,"column":53}},{"start":{"line":23,"column":37},"end":{"line":23,"column":47}}]}},"s":{"0":1,"1":1,"2":1,"3":1,"4":1,"5":1,"6":1,"7":1,"8":1,"9":5,"10":5,"11":5,"12":5,"13":5,"14":2,"15":2,"16":1,"17":1,"18":1,"19":3,"20":3,"21":1,"22":2,"23":0,"24":2,"25":2,"26":1,"27":1,"28":1,"29":1,"30":0,"31":1,"32":1},"f":{"0":5,"1":2,"2":3,"3":0},"b":{"0":[1,1],"1":[1,2],"2":[0,2],"3":[1,1],"4":[1,0],"5":[1,1],"6":[1,0],"7":[1,1],"8":[1,0],"9":[1,1],"10":[1,0],"11":[1,1]}}
,"/home/Coder/Escritorio/Prueba/src/auth/jwt.strategy.ts": {"path":"/home/Coder/Escritorio/Prueba/src/auth/jwt.strategy.ts","statementMap":{"0":{"start":{"line":1,"column":0},"end":{"line":1,"column":44}},"1":{"start":{"line":2,"column":0},"end":{"line":2,"column":52}},"2":{"start":{"line":3,"column":0},"end":{"line":3,"column":52}},"3":{"start":{"line":4,"column":0},"end":{"line":4,"column":47}},"4":{"start":{"line":7,"column":7},"end":{"line":18,"column":null}},"5":{"start":{"line":9,"column":4},"end":{"line":12,"column":7}},"6":{"start":{"line":16,"column":4},"end":{"line":16,"column":19}},"7":{"start":{"line":7,"column":13},"end":{"line":7,"column":24}},"8":{"start":{"line":7,"column":13},"end":{"line":18,"column":null}}},"fnMap":{"0":{"name":"(anonymous_2)","decl":{"start":{"line":8,"column":2},"end":{"line":8,"column":14}},"loc":{"start":{"line":8,"column":35},"end":{"line":13,"column":3}}},"1":{"name":"(anonymous_3)","decl":{"start":{"line":15,"column":2},"end":{"line":15,"column":10}},"loc":{"start":{"line":15,"column":23},"end":{"line":17,"column":3}}}},"branchMap":{"0":{"loc":{"start":{"line":8,"column":22},"end":{"line":8,"column":null}},"type":"cond-expr","locations":[{"start":{"line":8,"column":35},"end":{"line":8,"column":null}},{"start":{"line":8,"column":35},"end":{"line":8,"column":null}}]},"1":{"loc":{"start":{"line":8,"column":22},"end":{"line":8,"column":35}},"type":"binary-expr","locations":[{"start":{"line":8,"column":22},"end":{"line":8,"column":null}},{"start":{"line":8,"column":22},"end":{"line":8,"column":35}}]}},"s":{"0":0,"1":0,"2":0,"3":0,"4":0,"5":0,"6":0,"7":0,"8":0},"f":{"0":0,"1":0},"b":{"0":[0,0],"1":[0,0]}}
,"/home/Coder/Escritorio/Prueba/src/auth/refresh.strategy.ts": {"path":"/home/Coder/Escritorio/Prueba/src/auth/refresh.strategy.ts","statementMap":{"0":{"start":{"line":1,"column":0},"end":{"line":1,"column":67}},"1":{"start":{"line":2,"column":0},"end":{"line":2,"column":52}},"2":{"start":{"line":3,"column":0},"end":{"line":3,"column":52}},"3":{"start":{"line":4,"column":0},"end":{"line":4,"column":47}},"4":{"start":{"line":7,"column":7},"end":{"line":19,"column":null}},"5":{"start":{"line":9,"column":4},"end":{"line":13,"column":7}},"6":{"start":{"line":17,"column":4},"end":{"line":17,"column":19}},"7":{"start":{"line":7,"column":13},"end":{"line":7,"column":28}},"8":{"start":{"line":7,"column":13},"end":{"line":19,"column":null}}},"fnMap":{"0":{"name":"(anonymous_2)","decl":{"start":{"line":8,"column":2},"end":{"line":8,"column":14}},"loc":{"start":{"line":8,"column":35},"end":{"line":14,"column":3}}},"1":{"name":"(anonymous_3)","decl":{"start":{"line":16,"column":2},"end":{"line":16,"column":10}},"loc":{"start":{"line":16,"column":23},"end":{"line":18,"column":3}}}},"branchMap":{"0":{"loc":{"start":{"line":8,"column":22},"end":{"line":8,"column":null}},"type":"cond-expr","locations":[{"start":{"line":8,"column":35},"end":{"line":8,"column":null}},{"start":{"line":8,"column":35},"end":{"line":8,"column":null}}]},"1":{"loc":{"start":{"line":8,"column":22},"end":{"line":8,"column":35}},"type":"binary-expr","locations":[{"start":{"line":8,"column":22},"end":{"line":8,"column":null}},{"start":{"line":8,"column":22},"end":{"line":8,"column":35}}]}},"s":{"0":0,"1":0,"2":0,"3":0,"4":0,"5":0,"6":0,"7":0,"8":0},"f":{"0":0,"1":0},"b":{"0":[0,0],"1":[0,0]}}
,"/home/Coder/Escritorio/Prueba/src/auth/dto/login.dto.ts": {"path":"/home/Coder/Escritorio/Prueba/src/auth/dto/login.dto.ts","statementMap":{"0":{"start":{"line":1,"column":0},"end":{"line":1,"column":46}},"1":{"start":{"line":2,"column":0},"end":{"line":2,"column":63}},"2":{"start":{"line":3,"column":0},"end":{"line":3,"column":46}},"3":{"start":{"line":5,"column":0},"end":{"line":5,"column":13}},"4":{"start":{"line":13,"column":2},"end":{"line":13,"column":null}},"5":{"start":{"line":11,"column":28},"end":{"line":11,"column":54}},"6":{"start":{"line":22,"column":2},"end":{"line":22,"column":null}}},"fnMap":{"0":{"name":"(anonymous_2)","decl":{"start":{"line":11,"column":13},"end":{"line":11,"column":14}},"loc":{"start":{"line":11,"column":28},"end":{"line":11,"column":54}}}},"branchMap":{},"s":{"0":0,"1":0,"2":0,"3":0,"4":0,"5":0,"6":0},"f":{"0":0},"b":{}}
,"/home/Coder/Escritorio/Prueba/src/auth/dto/register.dto.ts": {"path":"/home/Coder/Escritorio/Prueba/src/auth/dto/register.dto.ts","statementMap":{"0":{"start":{"line":1,"column":0},"end":{"line":1,"column":83}},"1":{"start":{"line":2,"column":0},"end":{"line":2,"column":46}},"2":{"start":{"line":4,"column":0},"end":{"line":4,"column":13}},"3":{"start":{"line":14,"column":2},"end":{"line":14,"column":null}},"4":{"start":{"line":22,"column":2},"end":{"line":22,"column":null}},"5":{"start":{"line":37,"column":2},"end":{"line":37,"column":null}}},"fnMap":{},"branchMap":{},"s":{"0":0,"1":0,"2":0,"3":0,"4":0,"5":0},"f":{},"b":{}}
,"/home/Coder/Escritorio/Prueba/src/category/category.controller.ts": {"path":"/home/Coder/Escritorio/Prueba/src/category/category.controller.ts","statementMap":{"0":{"start":{"line":1,"column":0},"end":{"line":1,"column":null}},"1":{"start":{"line":11,"column":0},"end":{"line":11,"column":53}},"2":{"start":{"line":12,"column":0},"end":{"line":12,"column":62}},"3":{"start":{"line":13,"column":0},"end":{"line":13,"column":62}},"4":{"start":{"line":14,"column":0},"end":{"line":14,"column":66}},"5":{"start":{"line":15,"column":0},"end":{"line":15,"column":45}},"6":{"start":{"line":16,"column":0},"end":{"line":16,"column":58}},"7":{"start":{"line":17,"column":0},"end":{"line":17,"column":61}},"8":{"start":{"line":18,"column":0},"end":{"line":18,"column":null}},"9":{"start":{"line":31,"column":7},"end":{"line":72,"column":null}},"10":{"start":{"line":32,"column":31},"end":{"line":32,"column":48}},"11":{"start":{"line":39,"column":4},"end":{"line":39,"column":44}},"12":{"start":{"line":46,"column":4},"end":{"line":46,"column":42}},"13":{"start":{"line":54,"column":4},"end":{"line":54,"column":44}},"14":{"start":{"line":62,"column":4},"end":{"line":62,"column":48}},"15":{"start":{"line":70,"column":4},"end":{"line":70,"column":43}},"16":{"start":{"line":31,"column":13},"end":{"line":31,"column":31}},"17":{"start":{"line":38,"column":2},"end":{"line":40,"column":null}},"18":{"start":{"line":45,"column":2},"end":{"line":47,"column":null}},"19":{"start":{"line":53,"column":2},"end":{"line":55,"column":null}},"20":{"start":{"line":61,"column":2},"end":{"line":63,"column":null}},"21":{"start":{"line":69,"column":2},"end":{"line":71,"column":null}},"22":{"start":{"line":31,"column":13},"end":{"line":72,"column":null}}},"fnMap":{"0":{"name":"(anonymous_4)","decl":{"start":{"line":32,"column":2},"end":{"line":32,"column":31}},"loc":{"start":{"line":32,"column":63},"end":{"line":32,"column":67}}},"1":{"name":"(anonymous_5)","decl":{"start":{"line":38,"column":2},"end":{"line":38,"column":8}},"loc":{"start":{"line":38,"column":39},"end":{"line":40,"column":3}}},"2":{"name":"(anonymous_6)","decl":{"start":{"line":45,"column":2},"end":{"line":45,"column":9}},"loc":{"start":{"line":45,"column":9},"end":{"line":47,"column":3}}},"3":{"name":"(anonymous_7)","decl":{"start":{"line":53,"column":2},"end":{"line":53,"column":9}},"loc":{"start":{"line":53,"column":33},"end":{"line":55,"column":3}}},"4":{"name":"(anonymous_8)","decl":{"start":{"line":61,"column":2},"end":{"line":61,"column":8}},"loc":{"start":{"line":61,"column":64},"end":{"line":63,"column":3}}},"5":{"name":"(anonymous_9)","decl":{"start":{"line":69,"column":2},"end":{"line":69,"column":8}},"loc":{"start":{"line":69,"column":32},"end":{"line":71,"column":3}}}},"branchMap":{"0":{"loc":{"start":{"line":38,"column":22},"end":{"line":38,"column":42}},"type":"cond-expr","locations":[{"start":{"line":38,"column":39},"end":{"line":38,"column":42}},{"start":{"line":38,"column":39},"end":{"line":38,"column":42}}]},"1":{"loc":{"start":{"line":38,"column":22},"end":{"line":38,"column":39}},"type":"binary-expr","locations":[{"start":{"line":38,"column":22},"end":{"line":38,"column":42}},{"start":{"line":38,"column":22},"end":{"line":38,"column":39}}]},"2":{"loc":{"start":{"line":38,"column":42},"end":{"line":38,"column":null}},"type":"cond-expr","locations":[{"start":{"line":38,"column":49},"end":{"line":38,"column":null}},{"start":{"line":38,"column":49},"end":{"line":38,"column":null}}]},"3":{"loc":{"start":{"line":38,"column":42},"end":{"line":38,"column":49}},"type":"binary-expr","locations":[{"start":{"line":38,"column":42},"end":{"line":38,"column":null}},{"start":{"line":38,"column":42},"end":{"line":38,"column":49}}]},"4":{"loc":{"start":{"line":45,"column":13},"end":{"line":45,"column":null}},"type":"cond-expr","locations":[{"start":{"line":45,"column":20},"end":{"line":45,"column":null}},{"start":{"line":45,"column":20},"end":{"line":45,"column":null}}]},"5":{"loc":{"start":{"line":45,"column":13},"end":{"line":45,"column":20}},"type":"binary-expr","locations":[{"start":{"line":45,"column":13},"end":{"line":45,"column":null}},{"start":{"line":45,"column":13},"end":{"line":45,"column":20}}]},"6":{"loc":{"start":{"line":53,"column":36},"end":{"line":53,"column":null}},"type":"cond-expr","locations":[{"start":{"line":53,"column":43},"end":{"line":53,"column":null}},{"start":{"line":53,"column":43},"end":{"line":53,"column":null}}]},"7":{"loc":{"start":{"line":53,"column":36},"end":{"line":53,"column":43}},"type":"binary-expr","locations":[{"start":{"line":53,"column":36},"end":{"line":53,"column":null}},{"start":{"line":53,"column":36},"end":{"line":53,"column":43}}]},"8":{"loc":{"start":{"line":61,"column":47},"end":{"line":61,"column":null}},"type":"cond-expr","locations":[{"start":{"line":61,"column":64},"end":{"line":61,"column":null}},{"start":{"line":61,"column":64},"end":{"line":61,"column":null}}]},"9":{"loc":{"start":{"line":61,"column":47},"end":{"line":61,"column":64}},"type":"binary-expr","locations":[{"start":{"line":61,"column":47},"end":{"line":61,"column":null}},{"start":{"line":61,"column":47},"end":{"line":61,"column":64}}]},"10":{"loc":{"start":{"line":32,"column":48},"end":{"line":32,"column":66}},"type":"cond-expr","locations":[{"start":{"line":32,"column":63},"end":{"line":32,"column":66}},{"start":{"line":32,"column":63},"end":{"line":32,"column":66}}]},"11":{"loc":{"start":{"line":32,"column":48},"end":{"line":32,"column":63}},"type":"binary-expr","locations":[{"start":{"line":32,"column":48},"end":{"line":32,"column":66}},{"start":{"line":32,"column":48},"end":{"line":32,"column":63}}]}},"s":{"0":0,"1":0,"2":0,"3":0,"4":0,"5":0,"6":0,"7":0,"8":0,"9":0,"10":0,"11":0,"12":0,"13":0,"14":0,"15":0,"16":0,"17":0,"18":0,"19":0,"20":0,"21":0,"22":0},"f":{"0":0,"1":0,"2":0,"3":0,"4":0,"5":0},"b":{"0":[0,0],"1":[0,0],"2":[0,0],"3":[0,0],"4":[0,0],"5":[0,0],"6":[0,0],"7":[0,0],"8":[0,0],"9":[0,0],"10":[0,0],"11":[0,0]}}
,"/home/Coder/Escritorio/Prueba/src/category/category.module.ts": {"path":"/home/Coder/Escritorio/Prueba/src/category/category.module.ts","statementMap":{"0":{"start":{"line":1,"column":0},"end":{"line":1,"column":40}},"1":{"start":{"line":2,"column":0},"end":{"line":2,"column":48}},"2":{"start":{"line":3,"column":0},"end":{"line":3,"column":54}},"3":{"start":{"line":4,"column":0},"end":{"line":4,"column":53}},"4":{"start":{"line":5,"column":0},"end":{"line":5,"column":59}},"5":{"start":{"line":6,"column":0},"end":{"line":6,"column":59}},"6":{"start":{"line":14,"column":7},"end":{"line":14,"column":null}},"7":{"start":{"line":14,"column":13},"end":{"line":14,"column":27}},"8":{"start":{"line":14,"column":13},"end":{"line":14,"column":null}}},"fnMap":{},"branchMap":{},"s":{"0":0,"1":0,"2":0,"3":0,"4":0,"5":0,"6":0,"7":0,"8":0},"f":{},"b":{}}
,"/home/Coder/Escritorio/Prueba/src/category/category.service.ts": {"path":"/home/Coder/Escritorio/Prueba/src/category/category.service.ts","statementMap":{"0":{"start":{"line":1,"column":0},"end":{"line":1,"column":71}},"1":{"start":{"line":2,"column":0},"end":{"line":2,"column":51}},"2":{"start":{"line":3,"column":0},"end":{"line":3,"column":37}},"3":{"start":{"line":4,"column":0},"end":{"line":4,"column":54}},"4":{"start":{"line":7,"column":0},"end":{"line":7,"column":52}},"5":{"start":{"line":8,"column":0},"end":{"line":8,"column":66}},"6":{"start":{"line":11,"column":28},"end":{"line":70,"column":null}},"7":{"start":{"line":12,"column":28},"end":{"line":12,"column":60}},"8":{"start":{"line":16,"column":21},"end":{"line":16,"column":41}},"9":{"start":{"line":20,"column":21},"end":{"line":20,"column":56}},"10":{"start":{"line":21,"column":4},"end":{"line":21,"column":49}},"11":{"start":{"line":23,"column":4},"end":{"line":25,"column":7}},"12":{"start":{"line":29,"column":23},"end":{"line":29,"column":59}},"13":{"start":{"line":31,"column":4},"end":{"line":35,"column":6}},"14":{"start":{"line":32,"column":6},"end":{"line":34,"column":8}},"15":{"start":{"line":39,"column":21},"end":{"line":39,"column":77}},"16":{"start":{"line":41,"column":4},"end":{"line":41,"column":69}},"17":{"start":{"line":41,"column":19},"end":{"line":41,"column":69}},"18":{"start":{"line":43,"column":4},"end":{"line":45,"column":7}},"19":{"start":{"line":49,"column":21},"end":{"line":52,"column":6}},"20":{"start":{"line":54,"column":4},"end":{"line":54,"column":69}},"21":{"start":{"line":54,"column":19},"end":{"line":54,"column":69}},"22":{"start":{"line":56,"column":4},"end":{"line":56,"column":49}},"23":{"start":{"line":58,"column":4},"end":{"line":60,"column":7}},"24":{"start":{"line":64,"column":21},"end":{"line":64,"column":77}},"25":{"start":{"line":66,"column":4},"end":{"line":66,"column":69}},"26":{"start":{"line":66,"column":19},"end":{"line":66,"column":69}},"27":{"start":{"line":68,"column":4},"end":{"line":68,"column":51}},"28":{"start":{"line":11,"column":13},"end":{"line":11,"column":28}},"29":{"start":{"line":11,"column":13},"end":{"line":70,"column":null}}},"fnMap":{"0":{"name":"(anonymous_4)","decl":{"start":{"line":14,"column":2},"end":{"line":14,"column":null}},"loc":{"start":{"line":16,"column":61},"end":{"line":17,"column":7}}},"1":{"name":"(anonymous_5)","decl":{"start":{"line":19,"column":2},"end":{"line":19,"column":7}},"loc":{"start":{"line":19,"column":37},"end":{"line":26,"column":3}}},"2":{"name":"(anonymous_6)","decl":{"start":{"line":28,"column":2},"end":{"line":28,"column":7}},"loc":{"start":{"line":28,"column":15},"end":{"line":36,"column":3}}},"3":{"name":"(anonymous_7)","decl":{"start":{"line":31,"column":26},"end":{"line":31,"column":29}},"loc":{"start":{"line":32,"column":6},"end":{"line":34,"column":8}}},"4":{"name":"(anonymous_8)","decl":{"start":{"line":38,"column":2},"end":{"line":38,"column":7}},"loc":{"start":{"line":38,"column":26},"end":{"line":46,"column":3}}},"5":{"name":"(anonymous_9)","decl":{"start":{"line":48,"column":2},"end":{"line":48,"column":7}},"loc":{"start":{"line":48,"column":49},"end":{"line":61,"column":3}}},"6":{"name":"(anonymous_10)","decl":{"start":{"line":63,"column":2},"end":{"line":63,"column":7}},"loc":{"start":{"line":63,"column":25},"end":{"line":69,"column":3}}}},"branchMap":{"0":{"loc":{"start":{"line":41,"column":4},"end":{"line":41,"column":69}},"type":"if","locations":[{"start":{"line":41,"column":4},"end":{"line":41,"column":69}},{"start":{},"end":{}}]},"1":{"loc":{"start":{"line":54,"column":4},"end":{"line":54,"column":69}},"type":"if","locations":[{"start":{"line":54,"column":4},"end":{"line":54,"column":69}},{"start":{},"end":{}}]},"2":{"loc":{"start":{"line":66,"column":4},"end":{"line":66,"column":69}},"type":"if","locations":[{"start":{"line":66,"column":4},"end":{"line":66,"column":69}},{"start":{},"end":{}}]},"3":{"loc":{"start":{"line":16,"column":41},"end":{"line":16,"column":61}},"type":"cond-expr","locations":[{"start":{"line":16,"column":51},"end":{"line":16,"column":61}},{"start":{"line":16,"column":51},"end":{"line":16,"column":61}}]},"4":{"loc":{"start":{"line":16,"column":41},"end":{"line":16,"column":51}},"type":"binary-expr","locations":[{"start":{"line":16,"column":41},"end":{"line":16,"column":61}},{"start":{"line":16,"column":41},"end":{"line":16,"column":51}}]}},"s":{"0":0,"1":0,"2":0,"3":0,"4":0,"5":0,"6":0,"7":0,"8":0,"9":0,"10":0,"11":0,"12":0,"13":0,"14":0,"15":0,"16":0,"17":0,"18":0,"19":0,"20":0,"21":0,"22":0,"23":0,"24":0,"25":0,"26":0,"27":0,"28":0,"29":0},"f":{"0":0,"1":0,"2":0,"3":0,"4":0,"5":0,"6":0},"b":{"0":[0,0],"1":[0,0],"2":[0,0],"3":[0,0],"4":[0,0]}}
,"/home/Coder/Escritorio/Prueba/src/category/dto/create-category.dto.ts": {"path":"/home/Coder/Escritorio/Prueba/src/category/dto/create-category.dto.ts","statementMap":{"0":{"start":{"line":1,"column":0},"end":{"line":1,"column":55}},"1":{"start":{"line":3,"column":0},"end":{"line":3,"column":13}},"2":{"start":{"line":6,"column":2},"end":{"line":6,"column":null}},"3":{"start":{"line":10,"column":2},"end":{"line":10,"column":null}}},"fnMap":{},"branchMap":{},"s":{"0":0,"1":0,"2":0,"3":0},"f":{},"b":{}}
,"/home/Coder/Escritorio/Prueba/src/category/dto/response-category.dto.ts": {"path":"/home/Coder/Escritorio/Prueba/src/category/dto/response-category.dto.ts","statementMap":{"0":{"start":{"line":1,"column":0},"end":{"line":1,"column":43}},"1":{"start":{"line":3,"column":0},"end":{"line":3,"column":13}},"2":{"start":{"line":5,"column":2},"end":{"line":5,"column":null}},"3":{"start":{"line":8,"column":2},"end":{"line":8,"column":null}},"4":{"start":{"line":11,"column":2},"end":{"line":11,"column":null}},"5":{"start":{"line":14,"column":2},"end":{"line":14,"column":null}},"6":{"start":{"line":17,"column":2},"end":{"line":17,"column":null}},"7":{"start":{"line":20,"column":2},"end":{"line":20,"column":null}}},"fnMap":{},"branchMap":{"0":{"loc":{"start":{"line":17,"column":13},"end":{"line":17,"column":18}},"type":"cond-expr","locations":[{"start":{"line":17,"column":17},"end":{"line":17,"column":18}},{"start":{"line":17,"column":17},"end":{"line":17,"column":18}}]},"1":{"loc":{"start":{"line":17,"column":13},"end":{"line":17,"column":17}},"type":"binary-expr","locations":[{"start":{"line":17,"column":13},"end":{"line":17,"column":18}},{"start":{"line":17,"column":13},"end":{"line":17,"column":17}}]},"2":{"loc":{"start":{"line":20,"column":13},"end":{"line":20,"column":18}},"type":"cond-expr","locations":[{"start":{"line":20,"column":17},"end":{"line":20,"column":18}},{"start":{"line":20,"column":17},"end":{"line":20,"column":18}}]},"3":{"loc":{"start":{"line":20,"column":13},"end":{"line":20,"column":17}},"type":"binary-expr","locations":[{"start":{"line":20,"column":13},"end":{"line":20,"column":18}},{"start":{"line":20,"column":13},"end":{"line":20,"column":17}}]}},"s":{"0":0,"1":0,"2":0,"3":0,"4":0,"5":0,"6":0,"7":0},"f":{},"b":{"0":[0,0],"1":[0,0],"2":[0,0],"3":[0,0]}}
,"/home/Coder/Escritorio/Prueba/src/category/dto/update-category.dto.ts": {"path":"/home/Coder/Escritorio/Prueba/src/category/dto/update-category.dto.ts","statementMap":{"0":{"start":{"line":1,"column":0},"end":{"line":1,"column":46}},"1":{"start":{"line":2,"column":0},"end":{"line":2,"column":58}},"2":{"start":{"line":4,"column":0},"end":{"line":4,"column":13}}},"fnMap":{},"branchMap":{},"s":{"0":0,"1":0,"2":0},"f":{},"b":{}}
,"/home/Coder/Escritorio/Prueba/src/category/entities/category.entity.ts": {"path":"/home/Coder/Escritorio/Prueba/src/category/entities/category.entity.ts","statementMap":{"0":{"start":{"line":1,"column":0},"end":{"line":1,"column":61}},"1":{"start":{"line":2,"column":0},"end":{"line":2,"column":null}},"2":{"start":{"line":12,"column":7},"end":{"line":33,"column":null}},"3":{"start":{"line":12,"column":13},"end":{"line":12,"column":21}},"4":{"start":{"line":14,"column":2},"end":{"line":14,"column":null}},"5":{"start":{"line":17,"column":2},"end":{"line":17,"column":null}},"6":{"start":{"line":20,"column":2},"end":{"line":20,"column":null}},"7":{"start":{"line":23,"column":2},"end":{"line":23,"column":null}},"8":{"start":{"line":26,"column":2},"end":{"line":26,"column":null}},"9":{"start":{"line":25,"column":19},"end":{"line":25,"column":25}},"10":{"start":{"line":25,"column":39},"end":{"line":25,"column":54}},"11":{"start":{"line":29,"column":2},"end":{"line":29,"column":null}},"12":{"start":{"line":32,"column":2},"end":{"line":32,"column":null}},"13":{"start":{"line":12,"column":13},"end":{"line":33,"column":null}}},"fnMap":{"0":{"name":"(anonymous_2)","decl":{"start":{"line":25,"column":13},"end":{"line":25,"column":16}},"loc":{"start":{"line":25,"column":19},"end":{"line":25,"column":25}}},"1":{"name":"(anonymous_3)","decl":{"start":{"line":25,"column":27},"end":{"line":25,"column":28}},"loc":{"start":{"line":25,"column":39},"end":{"line":25,"column":54}}}},"branchMap":{"0":{"loc":{"start":{"line":29,"column":13},"end":{"line":29,"column":18}},"type":"cond-expr","locations":[{"start":{"line":29,"column":17},"end":{"line":29,"column":18}},{"start":{"line":29,"column":17},"end":{"line":29,"column":18}}]},"1":{"loc":{"start":{"line":29,"column":13},"end":{"line":29,"column":17}},"type":"binary-expr","locations":[{"start":{"line":29,"column":13},"end":{"line":29,"column":18}},{"start":{"line":29,"column":13},"end":{"line":29,"column":17}}]},"2":{"loc":{"start":{"line":32,"column":13},"end":{"line":32,"column":18}},"type":"cond-expr","locations":[{"start":{"line":32,"column":17},"end":{"line":32,"column":18}},{"start":{"line":32,"column":17},"end":{"line":32,"column":18}}]},"3":{"loc":{"start":{"line":32,"column":13},"end":{"line":32,"column":17}},"type":"binary-expr","locations":[{"start":{"line":32,"column":13},"end":{"line":32,"column":18}},{"start":{"line":32,"column":13},"end":{"line":32,"column":17}}]}},"s":{"0":3,"1":3,"2":3,"3":3,"4":3,"5":3,"6":3,"7":3,"8":3,"9":0,"10":0,"11":3,"12":3,"13":3},"f":{"0":0,"1":0},"b":{"0":[3,0],"1":[3,3],"2":[3,0],"3":[3,3]}}
,"/home/Coder/Escritorio/Prueba/src/client/client.controller.ts": {"path":"/home/Coder/Escritorio/Prueba/src/client/client.controller.ts","statementMap":{"0":{"start":{"line":1,"column":0},"end":{"line":1,"column":null}},"1":{"start":{"line":11,"column":0},"end":{"line":11,"column":49}},"2":{"start":{"line":12,"column":0},"end":{"line":12,"column":58}},"3":{"start":{"line":13,"column":0},"end":{"line":13,"column":58}},"4":{"start":{"line":14,"column":0},"end":{"line":14,"column":45}},"5":{"start":{"line":15,"column":0},"end":{"line":15,"column":61}},"6":{"start":{"line":16,"column":0},"end":{"line":16,"column":58}},"7":{"start":{"line":17,"column":0},"end":{"line":17,"column":null}},"8":{"start":{"line":25,"column":0},"end":{"line":25,"column":62}},"9":{"start":{"line":32,"column":7},"end":{"line":65,"column":null}},"10":{"start":{"line":33,"column":31},"end":{"line":33,"column":46}},"11":{"start":{"line":38,"column":4},"end":{"line":38,"column":42}},"12":{"start":{"line":44,"column":4},"end":{"line":44,"column":40}},"13":{"start":{"line":51,"column":4},"end":{"line":51,"column":42}},"14":{"start":{"line":57,"column":4},"end":{"line":57,"column":46}},"15":{"start":{"line":63,"column":4},"end":{"line":63,"column":41}},"16":{"start":{"line":32,"column":13},"end":{"line":32,"column":29}},"17":{"start":{"line":37,"column":2},"end":{"line":39,"column":null}},"18":{"start":{"line":43,"column":2},"end":{"line":45,"column":null}},"19":{"start":{"line":50,"column":2},"end":{"line":52,"column":null}},"20":{"start":{"line":56,"column":2},"end":{"line":58,"column":null}},"21":{"start":{"line":62,"column":2},"end":{"line":64,"column":null}},"22":{"start":{"line":32,"column":13},"end":{"line":65,"column":null}}},"fnMap":{"0":{"name":"(anonymous_4)","decl":{"start":{"line":33,"column":2},"end":{"line":33,"column":31}},"loc":{"start":{"line":33,"column":59},"end":{"line":33,"column":63}}},"1":{"name":"(anonymous_5)","decl":{"start":{"line":37,"column":2},"end":{"line":37,"column":8}},"loc":{"start":{"line":37,"column":37},"end":{"line":39,"column":3}}},"2":{"name":"(anonymous_6)","decl":{"start":{"line":43,"column":2},"end":{"line":43,"column":9}},"loc":{"start":{"line":43,"column":9},"end":{"line":45,"column":3}}},"3":{"name":"(anonymous_7)","decl":{"start":{"line":50,"column":2},"end":{"line":50,"column":9}},"loc":{"start":{"line":50,"column":33},"end":{"line":52,"column":3}}},"4":{"name":"(anonymous_8)","decl":{"start":{"line":56,"column":2},"end":{"line":56,"column":8}},"loc":{"start":{"line":56,"column":62},"end":{"line":58,"column":3}}},"5":{"name":"(anonymous_9)","decl":{"start":{"line":62,"column":2},"end":{"line":62,"column":8}},"loc":{"start":{"line":62,"column":32},"end":{"line":64,"column":3}}}},"branchMap":{"0":{"loc":{"start":{"line":37,"column":22},"end":{"line":37,"column":null}},"type":"cond-expr","locations":[{"start":{"line":37,"column":37},"end":{"line":37,"column":null}},{"start":{"line":37,"column":37},"end":{"line":37,"column":null}}]},"1":{"loc":{"start":{"line":37,"column":22},"end":{"line":37,"column":37}},"type":"binary-expr","locations":[{"start":{"line":37,"column":22},"end":{"line":37,"column":null}},{"start":{"line":37,"column":22},"end":{"line":37,"column":37}}]},"2":{"loc":{"start":{"line":56,"column":47},"end":{"line":56,"column":null}},"type":"cond-expr","locations":[{"start":{"line":56,"column":62},"end":{"line":56,"column":null}},{"start":{"line":56,"column":62},"end":{"line":56,"column":null}}]},"3":{"loc":{"start":{"line":56,"column":47},"end":{"line":56,"column":62}},"type":"binary-expr","locations":[{"start":{"line":56,"column":47},"end":{"line":56,"column":null}},{"start":{"line":56,"column":47},"end":{"line":56,"column":62}}]},"4":{"loc":{"start":{"line":33,"column":46},"end":{"line":33,"column":62}},"type":"cond-expr","locations":[{"start":{"line":33,"column":59},"end":{"line":33,"column":62}},{"start":{"line":33,"column":59},"end":{"line":33,"column":62}}]},"5":{"loc":{"start":{"line":33,"column":46},"end":{"line":33,"column":59}},"type":"binary-expr","locations":[{"start":{"line":33,"column":46},"end":{"line":33,"column":62}},{"start":{"line":33,"column":46},"end":{"line":33,"column":59}}]}},"s":{"0":0,"1":0,"2":0,"3":0,"4":0,"5":0,"6":0,"7":0,"8":0,"9":0,"10":0,"11":0,"12":0,"13":0,"14":0,"15":0,"16":0,"17":0,"18":0,"19":0,"20":0,"21":0,"22":0},"f":{"0":0,"1":0,"2":0,"3":0,"4":0,"5":0},"b":{"0":[0,0],"1":[0,0],"2":[0,0],"3":[0,0],"4":[0,0],"5":[0,0]}}
,"/home/Coder/Escritorio/Prueba/src/client/client.module.ts": {"path":"/home/Coder/Escritorio/Prueba/src/client/client.module.ts","statementMap":{"0":{"start":{"line":1,"column":0},"end":{"line":1,"column":40}},"1":{"start":{"line":2,"column":0},"end":{"line":2,"column":48}},"2":{"start":{"line":3,"column":0},"end":{"line":3,"column":50}},"3":{"start":{"line":4,"column":0},"end":{"line":4,"column":49}},"4":{"start":{"line":5,"column":0},"end":{"line":5,"column":55}},"5":{"start":{"line":12,"column":7},"end":{"line":12,"column":null}},"6":{"start":{"line":12,"column":13},"end":{"line":12,"column":25}},"7":{"start":{"line":12,"column":13},"end":{"line":12,"column":null}}},"fnMap":{},"branchMap":{},"s":{"0":0,"1":0,"2":0,"3":0,"4":0,"5":0,"6":0,"7":0},"f":{},"b":{}}
,"/home/Coder/Escritorio/Prueba/src/client/client.service.ts": {"path":"/home/Coder/Escritorio/Prueba/src/client/client.service.ts","statementMap":{"0":{"start":{"line":1,"column":0},"end":{"line":1,"column":null}},"1":{"start":{"line":7,"column":0},"end":{"line":7,"column":51}},"2":{"start":{"line":8,"column":0},"end":{"line":8,"column":37}},"3":{"start":{"line":9,"column":0},"end":{"line":9,"column":50}},"4":{"start":{"line":12,"column":0},"end":{"line":12,"column":62}},"5":{"start":{"line":13,"column":0},"end":{"line":13,"column":52}},"6":{"start":{"line":15,"column":0},"end":{"line":15,"column":76}},"7":{"start":{"line":18,"column":26},"end":{"line":83,"column":null}},"8":{"start":{"line":19,"column":28},"end":{"line":19,"column":58}},"9":{"start":{"line":23,"column":21},"end":{"line":23,"column":39}},"10":{"start":{"line":27,"column":19},"end":{"line":30,"column":6}},"11":{"start":{"line":32,"column":18},"end":{"line":32,"column":58}},"12":{"start":{"line":33,"column":4},"end":{"line":35,"column":7}},"13":{"start":{"line":39,"column":4},"end":{"line":39,"column":60}},"14":{"start":{"line":41,"column":39},"end":{"line":41,"column":58}},"15":{"start":{"line":43,"column":29},"end":{"line":47,"column":6}},"16":{"start":{"line":49,"column":17},"end":{"line":49,"column":95}},"17":{"start":{"line":50,"column":4},"end":{"line":50,"column":77}},"18":{"start":{"line":52,"column":4},"end":{"line":52,"column":64}},"19":{"start":{"line":56,"column":19},"end":{"line":56,"column":73}},"20":{"start":{"line":57,"column":4},"end":{"line":57,"column":70}},"21":{"start":{"line":57,"column":17},"end":{"line":57,"column":70}},"22":{"start":{"line":59,"column":4},"end":{"line":61,"column":7}},"23":{"start":{"line":65,"column":19},"end":{"line":65,"column":73}},"24":{"start":{"line":66,"column":4},"end":{"line":66,"column":70}},"25":{"start":{"line":66,"column":17},"end":{"line":66,"column":70}},"26":{"start":{"line":68,"column":4},"end":{"line":68,"column":31}},"27":{"start":{"line":70,"column":20},"end":{"line":70,"column":60}},"28":{"start":{"line":71,"column":4},"end":{"line":73,"column":7}},"29":{"start":{"line":77,"column":19},"end":{"line":77,"column":73}},"30":{"start":{"line":78,"column":4},"end":{"line":78,"column":70}},"31":{"start":{"line":78,"column":17},"end":{"line":78,"column":70}},"32":{"start":{"line":80,"column":4},"end":{"line":80,"column":47}},"33":{"start":{"line":81,"column":4},"end":{"line":81,"column":58}},"34":{"start":{"line":18,"column":13},"end":{"line":18,"column":26}},"35":{"start":{"line":18,"column":13},"end":{"line":83,"column":null}}},"fnMap":{"0":{"name":"(anonymous_4)","decl":{"start":{"line":21,"column":2},"end":{"line":21,"column":null}},"loc":{"start":{"line":23,"column":57},"end":{"line":24,"column":7}}},"1":{"name":"(anonymous_5)","decl":{"start":{"line":26,"column":2},"end":{"line":26,"column":7}},"loc":{"start":{"line":26,"column":35},"end":{"line":36,"column":3}}},"2":{"name":"(anonymous_6)","decl":{"start":{"line":38,"column":2},"end":{"line":38,"column":7}},"loc":{"start":{"line":38,"column":45},"end":{"line":53,"column":3}}},"3":{"name":"(anonymous_7)","decl":{"start":{"line":55,"column":2},"end":{"line":55,"column":7}},"loc":{"start":{"line":55,"column":26},"end":{"line":62,"column":3}}},"4":{"name":"(anonymous_8)","decl":{"start":{"line":64,"column":2},"end":{"line":64,"column":7}},"loc":{"start":{"line":64,"column":47},"end":{"line":74,"column":3}}},"5":{"name":"(anonymous_9)","decl":{"start":{"line":76,"column":2},"end":{"line":76,"column":7}},"loc":{"start":{"line":76,"column":25},"end":{"line":82,"column":3}}}},"branchMap":{"0":{"loc":{"start":{"line":41,"column":12},"end":{"line":41,"column":22}},"type":"default-arg","locations":[{"start":{"line":41,"column":20},"end":{"line":41,"column":22}}]},"1":{"loc":{"start":{"line":41,"column":24},"end":{"line":41,"column":34}},"type":"default-arg","locations":[{"start":{"line":41,"column":33},"end":{"line":41,"column":34}}]},"2":{"loc":{"start":{"line":41,"column":39},"end":{"line":41,"column":58}},"type":"binary-expr","locations":[{"start":{"line":41,"column":39},"end":{"line":41,"column":52}},{"start":{"line":41,"column":56},"end":{"line":41,"column":58}}]},"3":{"loc":{"start":{"line":57,"column":4},"end":{"line":57,"column":70}},"type":"if","locations":[{"start":{"line":57,"column":4},"end":{"line":57,"column":70}},{"start":{},"end":{}}]},"4":{"loc":{"start":{"line":66,"column":4},"end":{"line":66,"column":70}},"type":"if","locations":[{"start":{"line":66,"column":4},"end":{"line":66,"column":70}},{"start":{},"end":{}}]},"5":{"loc":{"start":{"line":78,"column":4},"end":{"line":78,"column":70}},"type":"if","locations":[{"start":{"line":78,"column":4},"end":{"line":78,"column":70}},{"start":{},"end":{}}]},"6":{"loc":{"start":{"line":23,"column":39},"end":{"line":23,"column":57}},"type":"cond-expr","locations":[{"start":{"line":23,"column":49},"end":{"line":23,"column":57}},{"start":{"line":23,"column":49},"end":{"line":23,"column":57}}]},"7":{"loc":{"start":{"line":23,"column":39},"end":{"line":23,"column":49}},"type":"binary-expr","locations":[{"start":{"line":23,"column":39},"end":{"line":23,"column":57}},{"start":{"line":23,"column":39},"end":{"line":23,"column":49}}]}},"s":{"0":0,"1":0,"2":0,"3":0,"4":0,"5":0,"6":0,"7":0,"8":0,"9":0,"10":0,"11":0,"12":0,"13":0,"14":0,"15":0,"16":0,"17":0,"18":0,"19":0,"20":0,"21":0,"22":0,"23":0,"24":0,"25":0,"26":0,"27":0,"28":0,"29":0,"30":0,"31":0,"32":0,"33":0,"34":0,"35":0},"f":{"0":0,"1":0,"2":0,"3":0,"4":0,"5":0},"b":{"0":[0],"1":[0],"2":[0,0],"3":[0,0],"4":[0,0],"5":[0,0],"6":[0,0],"7":[0,0]}}
,"/home/Coder/Escritorio/Prueba/src/client/dto/create-client.dto.ts": {"path":"/home/Coder/Escritorio/Prueba/src/client/dto/create-client.dto.ts","statementMap":{"0":{"start":{"line":1,"column":0},"end":{"line":1,"column":64}},"1":{"start":{"line":3,"column":0},"end":{"line":3,"column":13}},"2":{"start":{"line":6,"column":2},"end":{"line":6,"column":null}},"3":{"start":{"line":10,"column":2},"end":{"line":10,"column":null}},"4":{"start":{"line":13,"column":2},"end":{"line":13,"column":null}}},"fnMap":{},"branchMap":{},"s":{"0":0,"1":0,"2":0,"3":0,"4":0},"f":{},"b":{}}
,"/home/Coder/Escritorio/Prueba/src/client/dto/response-client.dto.ts": {"path":"/home/Coder/Escritorio/Prueba/src/client/dto/response-client.dto.ts","statementMap":{"0":{"start":{"line":1,"column":0},"end":{"line":1,"column":43}},"1":{"start":{"line":3,"column":0},"end":{"line":3,"column":13}},"2":{"start":{"line":5,"column":2},"end":{"line":5,"column":null}},"3":{"start":{"line":8,"column":2},"end":{"line":8,"column":null}},"4":{"start":{"line":11,"column":2},"end":{"line":11,"column":null}},"5":{"start":{"line":14,"column":2},"end":{"line":14,"column":null}},"6":{"start":{"line":17,"column":2},"end":{"line":17,"column":null}},"7":{"start":{"line":20,"column":2},"end":{"line":20,"column":null}},"8":{"start":{"line":23,"column":2},"end":{"line":23,"column":null}}},"fnMap":{},"branchMap":{"0":{"loc":{"start":{"line":20,"column":13},"end":{"line":20,"column":18}},"type":"cond-expr","locations":[{"start":{"line":20,"column":17},"end":{"line":20,"column":18}},{"start":{"line":20,"column":17},"end":{"line":20,"column":18}}]},"1":{"loc":{"start":{"line":20,"column":13},"end":{"line":20,"column":17}},"type":"binary-expr","locations":[{"start":{"line":20,"column":13},"end":{"line":20,"column":18}},{"start":{"line":20,"column":13},"end":{"line":20,"column":17}}]},"2":{"loc":{"start":{"line":23,"column":13},"end":{"line":23,"column":18}},"type":"cond-expr","locations":[{"start":{"line":23,"column":17},"end":{"line":23,"column":18}},{"start":{"line":23,"column":17},"end":{"line":23,"column":18}}]},"3":{"loc":{"start":{"line":23,"column":13},"end":{"line":23,"column":17}},"type":"binary-expr","locations":[{"start":{"line":23,"column":13},"end":{"line":23,"column":18}},{"start":{"line":23,"column":13},"end":{"line":23,"column":17}}]}},"s":{"0":0,"1":0,"2":0,"3":0,"4":0,"5":0,"6":0,"7":0,"8":0},"f":{},"b":{"0":[0,0],"1":[0,0],"2":[0,0],"3":[0,0]}}
,"/home/Coder/Escritorio/Prueba/src/client/dto/update-client.dto.ts": {"path":"/home/Coder/Escritorio/Prueba/src/client/dto/update-client.dto.ts","statementMap":{"0":{"start":{"line":1,"column":0},"end":{"line":1,"column":46}},"1":{"start":{"line":2,"column":0},"end":{"line":2,"column":54}},"2":{"start":{"line":4,"column":0},"end":{"line":4,"column":13}}},"fnMap":{},"branchMap":{},"s":{"0":0,"1":0,"2":0},"f":{},"b":{}}
,"/home/Coder/Escritorio/Prueba/src/client/entities/client.entity.ts": {"path":"/home/Coder/Escritorio/Prueba/src/client/entities/client.entity.ts","statementMap":{"0":{"start":{"line":1,"column":0},"end":{"line":1,"column":61}},"1":{"start":{"line":2,"column":0},"end":{"line":2,"column":null}},"2":{"start":{"line":12,"column":7},"end":{"line":36,"column":null}},"3":{"start":{"line":12,"column":13},"end":{"line":12,"column":19}},"4":{"start":{"line":14,"column":2},"end":{"line":14,"column":null}},"5":{"start":{"line":17,"column":2},"end":{"line":17,"column":null}},"6":{"start":{"line":20,"column":2},"end":{"line":20,"column":null}},"7":{"start":{"line":23,"column":2},"end":{"line":23,"column":null}},"8":{"start":{"line":26,"column":2},"end":{"line":26,"column":null}},"9":{"start":{"line":29,"column":2},"end":{"line":29,"column":null}},"10":{"start":{"line":28,"column":19},"end":{"line":28,"column":25}},"11":{"start":{"line":28,"column":39},"end":{"line":28,"column":52}},"12":{"start":{"line":32,"column":2},"end":{"line":32,"column":null}},"13":{"start":{"line":35,"column":2},"end":{"line":35,"column":null}},"14":{"start":{"line":12,"column":13},"end":{"line":36,"column":null}}},"fnMap":{"0":{"name":"(anonymous_2)","decl":{"start":{"line":28,"column":13},"end":{"line":28,"column":16}},"loc":{"start":{"line":28,"column":19},"end":{"line":28,"column":25}}},"1":{"name":"(anonymous_3)","decl":{"start":{"line":28,"column":27},"end":{"line":28,"column":28}},"loc":{"start":{"line":28,"column":39},"end":{"line":28,"column":52}}}},"branchMap":{"0":{"loc":{"start":{"line":32,"column":13},"end":{"line":32,"column":18}},"type":"cond-expr","locations":[{"start":{"line":32,"column":17},"end":{"line":32,"column":18}},{"start":{"line":32,"column":17},"end":{"line":32,"column":18}}]},"1":{"loc":{"start":{"line":32,"column":13},"end":{"line":32,"column":17}},"type":"binary-expr","locations":[{"start":{"line":32,"column":13},"end":{"line":32,"column":18}},{"start":{"line":32,"column":13},"end":{"line":32,"column":17}}]},"2":{"loc":{"start":{"line":35,"column":13},"end":{"line":35,"column":18}},"type":"cond-expr","locations":[{"start":{"line":35,"column":17},"end":{"line":35,"column":18}},{"start":{"line":35,"column":17},"end":{"line":35,"column":18}}]},"3":{"loc":{"start":{"line":35,"column":13},"end":{"line":35,"column":17}},"type":"binary-expr","locations":[{"start":{"line":35,"column":13},"end":{"line":35,"column":18}},{"start":{"line":35,"column":13},"end":{"line":35,"column":17}}]}},"s":{"0":3,"1":3,"2":3,"3":3,"4":3,"5":3,"6":3,"7":3,"8":3,"9":3,"10":0,"11":0,"12":3,"13":3,"14":3},"f":{"0":0,"1":0},"b":{"0":[3,0],"1":[3,3],"2":[3,0],"3":[3,3]}}
,"/home/Coder/Escritorio/Prueba/src/common/decorators/get-user.decorator.ts": {"path":"/home/Coder/Escritorio/Prueba/src/common/decorators/get-user.decorator.ts","statementMap":{"0":{"start":{"line":1,"column":0},"end":{"line":1,"column":72}},"1":{"start":{"line":4,"column":13},"end":{"line":11,"column":2}},"2":{"start":{"line":6,"column":20},"end":{"line":6,"column":73}},"3":{"start":{"line":7,"column":17},"end":{"line":7,"column":29}},"4":{"start":{"line":9,"column":4},"end":{"line":9,"column":38}}},"fnMap":{"0":{"name":"(anonymous_0)","decl":{"start":{"line":5,"column":2},"end":{"line":5,"column":3}},"loc":{"start":{"line":5,"column":82},"end":{"line":10,"column":3}}}},"branchMap":{"0":{"loc":{"start":{"line":9,"column":11},"end":{"line":9,"column":37}},"type":"cond-expr","locations":[{"start":{"line":9,"column":18},"end":{"line":9,"column":30}},{"start":{"line":9,"column":33},"end":{"line":9,"column":37}}]}},"s":{"0":0,"1":0,"2":0,"3":0,"4":0},"f":{"0":0},"b":{"0":[0,0]}}
,"/home/Coder/Escritorio/Prueba/src/common/decorators/roles.decorator.ts": {"path":"/home/Coder/Escritorio/Prueba/src/common/decorators/roles.decorator.ts","statementMap":{"0":{"start":{"line":1,"column":0},"end":{"line":1,"column":45}},"1":{"start":{"line":3,"column":13},"end":{"line":3,"column":33}},"2":{"start":{"line":4,"column":21},"end":{"line":4,"column":74}},"3":{"start":{"line":4,"column":45},"end":{"line":4,"column":74}},"4":{"start":{"line":4,"column":13},"end":{"line":4,"column":21}}},"fnMap":{"0":{"name":"(anonymous_0)","decl":{"start":{"line":4,"column":21},"end":{"line":4,"column":22}},"loc":{"start":{"line":4,"column":45},"end":{"line":4,"column":74}}}},"branchMap":{},"s":{"0":0,"1":0,"2":0,"3":0,"4":0},"f":{"0":0},"b":{}}
,"/home/Coder/Escritorio/Prueba/src/common/dto/paginated-response.dto.ts": {"path":"/home/Coder/Escritorio/Prueba/src/common/dto/paginated-response.dto.ts","statementMap":{"0":{"start":{"line":1,"column":0},"end":{"line":1,"column":46}},"1":{"start":{"line":20,"column":8},"end":{"line":20,"column":25}},"2":{"start":{"line":21,"column":8},"end":{"line":21,"column":27}},"3":{"start":{"line":22,"column":8},"end":{"line":22,"column":27}},"4":{"start":{"line":23,"column":8},"end":{"line":23,"column":29}},"5":{"start":{"line":24,"column":8},"end":{"line":24,"column":52}},"6":{"start":{"line":3,"column":0},"end":{"line":3,"column":13}},"7":{"start":{"line":5,"column":4},"end":{"line":5,"column":null}},"8":{"start":{"line":8,"column":4},"end":{"line":8,"column":null}},"9":{"start":{"line":11,"column":4},"end":{"line":11,"column":null}},"10":{"start":{"line":14,"column":4},"end":{"line":14,"column":null}},"11":{"start":{"line":17,"column":4},"end":{"line":17,"column":null}}},"fnMap":{"0":{"name":"(anonymous_2)","decl":{"start":{"line":19,"column":4},"end":{"line":19,"column":16}},"loc":{"start":{"line":19,"column":71},"end":{"line":25,"column":5}}}},"branchMap":{},"s":{"0":2,"1":1,"2":1,"3":1,"4":1,"5":1,"6":2,"7":2,"8":2,"9":2,"10":2,"11":2},"f":{"0":1},"b":{}}
,"/home/Coder/Escritorio/Prueba/src/common/dto/pagination.dto.ts": {"path":"/home/Coder/Escritorio/Prueba/src/common/dto/pagination.dto.ts","statementMap":{"0":{"start":{"line":1,"column":0},"end":{"line":1,"column":41}},"1":{"start":{"line":2,"column":0},"end":{"line":2,"column":67}},"2":{"start":{"line":3,"column":0},"end":{"line":3,"column":54}},"3":{"start":{"line":16,"column":21},"end":{"line":16,"column":23}},"4":{"start":{"line":26,"column":22},"end":{"line":26,"column":23}},"5":{"start":{"line":5,"column":0},"end":{"line":5,"column":13}},"6":{"start":{"line":16,"column":4},"end":{"line":16,"column":null}},"7":{"start":{"line":15,"column":16},"end":{"line":15,"column":22}},"8":{"start":{"line":26,"column":4},"end":{"line":26,"column":null}},"9":{"start":{"line":25,"column":16},"end":{"line":25,"column":22}}},"fnMap":{"0":{"name":"(anonymous_2)","decl":{"start":{"line":15,"column":10},"end":{"line":15,"column":13}},"loc":{"start":{"line":15,"column":16},"end":{"line":15,"column":22}}},"1":{"name":"(anonymous_3)","decl":{"start":{"line":25,"column":10},"end":{"line":25,"column":13}},"loc":{"start":{"line":25,"column":16},"end":{"line":25,"column":22}}}},"branchMap":{},"s":{"0":0,"1":0,"2":0,"3":0,"4":0,"5":0,"6":0,"7":0,"8":0,"9":0},"f":{"0":0,"1":0},"b":{}}
,"/home/Coder/Escritorio/Prueba/src/common/filters/http-exception.filter.ts": {"path":"/home/Coder/Escritorio/Prueba/src/common/filters/http-exception.filter.ts","statementMap":{"0":{"start":{"line":1,"column":0},"end":{"line":1,"column":null}},"1":{"start":{"line":12,"column":32},"end":{"line":49,"column":null}},"2":{"start":{"line":13,"column":28},"end":{"line":13,"column":64}},"3":{"start":{"line":16,"column":16},"end":{"line":16,"column":35}},"4":{"start":{"line":17,"column":21},"end":{"line":17,"column":48}},"5":{"start":{"line":18,"column":20},"end":{"line":18,"column":45}},"6":{"start":{"line":21,"column":6},"end":{"line":23,"column":42}},"7":{"start":{"line":26,"column":6},"end":{"line":28,"column":33}},"8":{"start":{"line":30,"column":26},"end":{"line":40,"column":6}},"9":{"start":{"line":42,"column":4},"end":{"line":45,"column":6}},"10":{"start":{"line":47,"column":4},"end":{"line":47,"column":48}},"11":{"start":{"line":12,"column":13},"end":{"line":12,"column":32}},"12":{"start":{"line":12,"column":13},"end":{"line":49,"column":null}}},"fnMap":{"0":{"name":"(anonymous_1)","decl":{"start":{"line":15,"column":2},"end":{"line":15,"column":7}},"loc":{"start":{"line":15,"column":47},"end":{"line":48,"column":3}}}},"branchMap":{"0":{"loc":{"start":{"line":21,"column":6},"end":{"line":23,"column":42}},"type":"cond-expr","locations":[{"start":{"line":22,"column":10},"end":{"line":22,"column":31}},{"start":{"line":23,"column":10},"end":{"line":23,"column":42}}]},"1":{"loc":{"start":{"line":26,"column":6},"end":{"line":28,"column":33}},"type":"cond-expr","locations":[{"start":{"line":27,"column":10},"end":{"line":27,"column":33}},{"start":{"line":28,"column":10},"end":{"line":28,"column":33}}]},"2":{"loc":{"start":{"line":37,"column":8},"end":{"line":39,"column":47}},"type":"cond-expr","locations":[{"start":{"line":38,"column":12},"end":{"line":38,"column":19}},{"start":{"line":39,"column":13},"end":{"line":39,"column":47}}]},"3":{"loc":{"start":{"line":39,"column":13},"end":{"line":39,"column":47}},"type":"binary-expr","locations":[{"start":{"line":39,"column":13},"end":{"line":39,"column":36}},{"start":{"line":39,"column":40},"end":{"line":39,"column":47}}]},"4":{"loc":{"start":{"line":44,"column":6},"end":{"line":44,"column":78}},"type":"cond-expr","locations":[{"start":{"line":44,"column":35},"end":{"line":44,"column":50}},{"start":{"line":44,"column":53},"end":{"line":44,"column":78}}]}},"s":{"0":0,"1":0,"2":0,"3":0,"4":0,"5":0,"6":0,"7":0,"8":0,"9":0,"10":0,"11":0,"12":0},"f":{"0":0},"b":{"0":[0,0],"1":[0,0],"2":[0,0],"3":[0,0],"4":[0,0]}}
,"/home/Coder/Escritorio/Prueba/src/common/guards/roles.guard.ts": {"path":"/home/Coder/Escritorio/Prueba/src/common/guards/roles.guard.ts","statementMap":{"0":{"start":{"line":1,"column":0},"end":{"line":1,"column":null}},"1":{"start":{"line":7,"column":0},"end":{"line":7,"column":41}},"2":{"start":{"line":8,"column":0},"end":{"line":8,"column":58}},"3":{"start":{"line":11,"column":7},"end":{"line":37,"column":null}},"4":{"start":{"line":12,"column":22},"end":{"line":12,"column":33}},"5":{"start":{"line":15,"column":26},"end":{"line":17,"column":null}},"6":{"start":{"line":19,"column":4},"end":{"line":19,"column":36}},"7":{"start":{"line":19,"column":24},"end":{"line":19,"column":36}},"8":{"start":{"line":21,"column":17},"end":{"line":21,"column":57}},"9":{"start":{"line":23,"column":4},"end":{"line":23,"column":61}},"10":{"start":{"line":23,"column":15},"end":{"line":23,"column":61}},"11":{"start":{"line":24,"column":4},"end":{"line":24,"column":67}},"12":{"start":{"line":24,"column":20},"end":{"line":24,"column":67}},"13":{"start":{"line":26,"column":21},"end":{"line":28,"column":19}},"14":{"start":{"line":29,"column":31},"end":{"line":29,"column":72}},"15":{"start":{"line":29,"column":56},"end":{"line":29,"column":71}},"16":{"start":{"line":31,"column":4},"end":{"line":33,"column":5}},"17":{"start":{"line":32,"column":6},"end":{"line":32,"column":65}},"18":{"start":{"line":35,"column":4},"end":{"line":35,"column":16}},"19":{"start":{"line":11,"column":13},"end":{"line":11,"column":23}},"20":{"start":{"line":11,"column":13},"end":{"line":37,"column":null}}},"fnMap":{"0":{"name":"(anonymous_2)","decl":{"start":{"line":12,"column":2},"end":{"line":12,"column":22}},"loc":{"start":{"line":12,"column":42},"end":{"line":12,"column":46}}},"1":{"name":"(anonymous_3)","decl":{"start":{"line":14,"column":2},"end":{"line":14,"column":13}},"loc":{"start":{"line":14,"column":39},"end":{"line":36,"column":3}}},"2":{"name":"(anonymous_4)","decl":{"start":{"line":29,"column":49},"end":{"line":29,"column":50}},"loc":{"start":{"line":29,"column":56},"end":{"line":29,"column":71}}}},"branchMap":{"0":{"loc":{"start":{"line":19,"column":4},"end":{"line":19,"column":36}},"type":"if","locations":[{"start":{"line":19,"column":4},"end":{"line":19,"column":36}},{"start":{},"end":{}}]},"1":{"loc":{"start":{"line":23,"column":4},"end":{"line":23,"column":61}},"type":"if","locations":[{"start":{"line":23,"column":4},"end":{"line":23,"column":61}},{"start":{},"end":{}}]},"2":{"loc":{"start":{"line":24,"column":4},"end":{"line":24,"column":67}},"type":"if","locations":[{"start":{"line":24,"column":4},"end":{"line":24,"column":67}},{"start":{},"end":{}}]},"3":{"loc":{"start":{"line":27,"column":6},"end":{"line":27,"column":64}},"type":"cond-expr","locations":[{"start":{"line":27,"column":38},"end":{"line":27,"column":47}},{"start":{"line":27,"column":50},"end":{"line":27,"column":64}}]},"4":{"loc":{"start":{"line":31,"column":4},"end":{"line":33,"column":5}},"type":"if","locations":[{"start":{"line":31,"column":4},"end":{"line":33,"column":5}},{"start":{},"end":{}}]},"5":{"loc":{"start":{"line":12,"column":33},"end":{"line":12,"column":45}},"type":"cond-expr","locations":[{"start":{"line":12,"column":42},"end":{"line":12,"column":45}},{"start":{"line":12,"column":42},"end":{"line":12,"column":45}}]},"6":{"loc":{"start":{"line":12,"column":33},"end":{"line":12,"column":42}},"type":"binary-expr","locations":[{"start":{"line":12,"column":33},"end":{"line":12,"column":45}},{"start":{"line":12,"column":33},"end":{"line":12,"column":42}}]}},"s":{"0":0,"1":0,"2":0,"3":0,"4":0,"5":0,"6":0,"7":0,"8":0,"9":0,"10":0,"11":0,"12":0,"13":0,"14":0,"15":0,"16":0,"17":0,"18":0,"19":0,"20":0},"f":{"0":0,"1":0,"2":0},"b":{"0":[0,0],"1":[0,0],"2":[0,0],"3":[0,0],"4":[0,0],"5":[0,0],"6":[0,0]}}
,"/home/Coder/Escritorio/Prueba/src/common/interceptors/transform.interceptor.ts": {"path":"/home/Coder/Escritorio/Prueba/src/common/interceptors/transform.interceptor.ts","statementMap":{"0":{"start":{"line":1,"column":0},"end":{"line":1,"column":null}},"1":{"start":{"line":7,"column":0},"end":{"line":7,"column":39}},"2":{"start":{"line":8,"column":0},"end":{"line":8,"column":52}},"3":{"start":{"line":11,"column":7},"end":{"line":26,"column":null}},"4":{"start":{"line":13,"column":20},"end":{"line":13,"column":40}},"5":{"start":{"line":14,"column":24},"end":{"line":14,"column":67}},"6":{"start":{"line":16,"column":4},"end":{"line":24,"column":6}},"7":{"start":{"line":18,"column":8},"end":{"line":18,"column":38}},"8":{"start":{"line":18,"column":26},"end":{"line":18,"column":38}},"9":{"start":{"line":20,"column":8},"end":{"line":22,"column":11}},"10":{"start":{"line":11,"column":13},"end":{"line":11,"column":33}},"11":{"start":{"line":11,"column":13},"end":{"line":26,"column":null}}},"fnMap":{"0":{"name":"(anonymous_1)","decl":{"start":{"line":12,"column":2},"end":{"line":12,"column":11}},"loc":{"start":{"line":12,"column":56},"end":{"line":25,"column":3}}},"1":{"name":"(anonymous_2)","decl":{"start":{"line":17,"column":10},"end":{"line":17,"column":11}},"loc":{"start":{"line":17,"column":19},"end":{"line":23,"column":7}}}},"branchMap":{"0":{"loc":{"start":{"line":18,"column":8},"end":{"line":18,"column":38}},"type":"if","locations":[{"start":{"line":18,"column":8},"end":{"line":18,"column":38}},{"start":{},"end":{}}]}},"s":{"0":0,"1":0,"2":0,"3":0,"4":0,"5":0,"6":0,"7":0,"8":0,"9":0,"10":0,"11":0},"f":{"0":0,"1":0},"b":{"0":[0,0]}}
,"/home/Coder/Escritorio/Prueba/src/config/app.config.ts": {"path":"/home/Coder/Escritorio/Prueba/src/config/app.config.ts","statementMap":{"0":{"start":{"line":1,"column":32},"end":{"line":32,"column":2}},"1":{"start":{"line":1,"column":39},"end":{"line":32,"column":2}},"2":{"start":{"line":1,"column":13},"end":{"line":1,"column":32}}},"fnMap":{"0":{"name":"(anonymous_0)","decl":{"start":{"line":1,"column":32},"end":{"line":1,"column":35}},"loc":{"start":{"line":1,"column":39},"end":{"line":32,"column":2}}}},"branchMap":{"0":{"loc":{"start":{"line":2,"column":15},"end":{"line":2,"column":52}},"type":"binary-expr","locations":[{"start":{"line":2,"column":15},"end":{"line":2,"column":35}},{"start":{"line":2,"column":39},"end":{"line":2,"column":52}}]},"1":{"loc":{"start":{"line":4,"column":11},"end":{"line":4,"column":47}},"type":"binary-expr","locations":[{"start":{"line":4,"column":11},"end":{"line":4,"column":39}},{"start":{"line":4,"column":43},"end":{"line":4,"column":47}}]},"2":{"loc":{"start":{"line":5,"column":20},"end":{"line":5,"column":58}},"type":"binary-expr","locations":[{"start":{"line":5,"column":20},"end":{"line":5,"column":50}},{"start":{"line":5,"column":54},"end":{"line":5,"column":58}}]}},"s":{"0":0,"1":0,"2":0},"f":{"0":0},"b":{"0":[0,0],"1":[0,0],"2":[0,0]}}
,"/home/Coder/Escritorio/Prueba/src/config/index.ts": {"path":"/home/Coder/Escritorio/Prueba/src/config/index.ts","statementMap":{"0":{"start":{"line":1,"column":0},"end":{"line":1,"column":9}},"1":{"start":{"line":1,"column":9},"end":{"line":1,"column":48}},"2":{"start":{"line":2,"column":0},"end":{"line":2,"column":9}},"3":{"start":{"line":2,"column":9},"end":{"line":2,"column":55}}},"fnMap":{"0":{"name":"(anonymous_0)","decl":{"start":{"line":1,"column":9},"end":{"line":1,"column":25}},"loc":{"start":{"line":1,"column":9},"end":{"line":1,"column":48}}},"1":{"name":"(anonymous_1)","decl":{"start":{"line":2,"column":9},"end":{"line":2,"column":25}},"loc":{"start":{"line":2,"column":9},"end":{"line":2,"column":55}}}},"branchMap":{},"s":{"0":0,"1":0,"2":0,"3":0},"f":{"0":0,"1":0},"b":{}}
,"/home/Coder/Escritorio/Prueba/src/config/validation.schema.ts": {"path":"/home/Coder/Escritorio/Prueba/src/config/validation.schema.ts","statementMap":{"0":{"start":{"line":1,"column":0},"end":{"line":1,"column":27}},"1":{"start":{"line":3,"column":13},"end":{"line":53,"column":3}}},"fnMap":{},"branchMap":{},"s":{"0":0,"1":0},"f":{},"b":{}}
,"/home/Coder/Escritorio/Prueba/src/database/typeorm.config.ts": {"path":"/home/Coder/Escritorio/Prueba/src/database/typeorm.config.ts","statementMap":{"0":{"start":{"line":1,"column":0},"end":{"line":1,"column":37}},"1":{"start":{"line":2,"column":0},"end":{"line":2,"column":32}},"2":{"start":{"line":4,"column":0},"end":{"line":4,"column":37}},"3":{"start":{"line":6,"column":0},"end":{"line":15,"column":3}}},"fnMap":{},"branchMap":{},"s":{"0":0,"1":0,"2":0,"3":0},"f":{},"b":{}}
,"/home/Coder/Escritorio/Prueba/src/database/migrations/1730000000000-Createtable.ts": {"path":"/home/Coder/Escritorio/Prueba/src/database/migrations/1730000000000-Createtable.ts","statementMap":{"0":{"start":{"line":5,"column":4},"end":{"line":25,"column":7}},"1":{"start":{"line":27,"column":4},"end":{"line":31,"column":7}},"2":{"start":{"line":33,"column":4},"end":{"line":37,"column":7}},"3":{"start":{"line":39,"column":4},"end":{"line":43,"column":7}},"4":{"start":{"line":45,"column":4},"end":{"line":49,"column":7}},"5":{"start":{"line":51,"column":4},"end":{"line":55,"column":7}},"6":{"start":{"line":59,"column":4},"end":{"line":59,"column":52}},"7":{"start":{"line":3,"column":0},"end":{"line":3,"column":13}}},"fnMap":{"0":{"name":"(anonymous_0)","decl":{"start":{"line":4,"column":9},"end":{"line":4,"column":14}},"loc":{"start":{"line":4,"column":42},"end":{"line":56,"column":3}}},"1":{"name":"(anonymous_1)","decl":{"start":{"line":58,"column":9},"end":{"line":58,"column":14}},"loc":{"start":{"line":58,"column":44},"end":{"line":60,"column":3}}}},"branchMap":{},"s":{"0":0,"1":0,"2":0,"3":0,"4":0,"5":0,"6":0,"7":0},"f":{"0":0,"1":0},"b":{}}
,"/home/Coder/Escritorio/Prueba/src/database/migrations/1730000000001-SeedRoles.ts": {"path":"/home/Coder/Escritorio/Prueba/src/database/migrations/1730000000001-SeedRoles.ts","statementMap":{"0":{"start":{"line":5,"column":4},"end":{"line":9,"column":7}},"1":{"start":{"line":13,"column":4},"end":{"line":13,"column":49}},"2":{"start":{"line":3,"column":0},"end":{"line":3,"column":13}}},"fnMap":{"0":{"name":"(anonymous_0)","decl":{"start":{"line":4,"column":9},"end":{"line":4,"column":14}},"loc":{"start":{"line":4,"column":42},"end":{"line":10,"column":3}}},"1":{"name":"(anonymous_1)","decl":{"start":{"line":12,"column":9},"end":{"line":12,"column":14}},"loc":{"start":{"line":12,"column":44},"end":{"line":14,"column":3}}}},"branchMap":{},"s":{"0":0,"1":0,"2":0},"f":{"0":0,"1":0},"b":{}}
,"/home/Coder/Escritorio/Prueba/src/database/migrations/1730000000002-SeedCategories.ts": {"path":"/home/Coder/Escritorio/Prueba/src/database/migrations/1730000000002-SeedCategories.ts","statementMap":{"0":{"start":{"line":5,"column":4},"end":{"line":24,"column":7}},"1":{"start":{"line":28,"column":4},"end":{"line":28,"column":55}},"2":{"start":{"line":3,"column":0},"end":{"line":3,"column":13}}},"fnMap":{"0":{"name":"(anonymous_0)","decl":{"start":{"line":4,"column":9},"end":{"line":4,"column":14}},"loc":{"start":{"line":4,"column":42},"end":{"line":25,"column":3}}},"1":{"name":"(anonymous_1)","decl":{"start":{"line":27,"column":9},"end":{"line":27,"column":14}},"loc":{"start":{"line":27,"column":44},"end":{"line":29,"column":3}}}},"branchMap":{},"s":{"0":0,"1":0,"2":0},"f":{"0":0,"1":0},"b":{}}
,"/home/Coder/Escritorio/Prueba/src/database/migrations/1730000000003-SeedUsers.ts": {"path":"/home/Coder/Escritorio/Prueba/src/database/migrations/1730000000003-SeedUsers.ts","statementMap":{"0":{"start":{"line":5,"column":4},"end":{"line":51,"column":7}},"1":{"start":{"line":55,"column":4},"end":{"line":55,"column":49}},"2":{"start":{"line":3,"column":0},"end":{"line":3,"column":13}}},"fnMap":{"0":{"name":"(anonymous_0)","decl":{"start":{"line":4,"column":9},"end":{"line":4,"column":14}},"loc":{"start":{"line":4,"column":42},"end":{"line":52,"column":3}}},"1":{"name":"(anonymous_1)","decl":{"start":{"line":54,"column":9},"end":{"line":54,"column":14}},"loc":{"start":{"line":54,"column":44},"end":{"line":56,"column":3}}}},"branchMap":{},"s":{"0":0,"1":0,"2":0},"f":{"0":0,"1":0},"b":{}}
,"/home/Coder/Escritorio/Prueba/src/database/migrations/1730000000004-SeedClients.ts": {"path":"/home/Coder/Escritorio/Prueba/src/database/migrations/1730000000004-SeedClients.ts","statementMap":{"0":{"start":{"line":5,"column":4},"end":{"line":20,"column":7}},"1":{"start":{"line":24,"column":4},"end":{"line":24,"column":52}},"2":{"start":{"line":3,"column":0},"end":{"line":3,"column":13}}},"fnMap":{"0":{"name":"(anonymous_0)","decl":{"start":{"line":4,"column":9},"end":{"line":4,"column":14}},"loc":{"start":{"line":4,"column":42},"end":{"line":21,"column":3}}},"1":{"name":"(anonymous_1)","decl":{"start":{"line":23,"column":9},"end":{"line":23,"column":14}},"loc":{"start":{"line":23,"column":44},"end":{"line":25,"column":3}}}},"branchMap":{},"s":{"0":0,"1":0,"2":0},"f":{"0":0,"1":0},"b":{}}
,"/home/Coder/Escritorio/Prueba/src/database/migrations/1730000000005-SeedTechnicians.ts": {"path":"/home/Coder/Escritorio/Prueba/src/database/migrations/1730000000005-SeedTechnicians.ts","statementMap":{"0":{"start":{"line":5,"column":4},"end":{"line":27,"column":7}},"1":{"start":{"line":31,"column":4},"end":{"line":31,"column":56}},"2":{"start":{"line":3,"column":0},"end":{"line":3,"column":13}}},"fnMap":{"0":{"name":"(anonymous_0)","decl":{"start":{"line":4,"column":9},"end":{"line":4,"column":14}},"loc":{"start":{"line":4,"column":42},"end":{"line":28,"column":3}}},"1":{"name":"(anonymous_1)","decl":{"start":{"line":30,"column":9},"end":{"line":30,"column":14}},"loc":{"start":{"line":30,"column":44},"end":{"line":32,"column":3}}}},"branchMap":{},"s":{"0":0,"1":0,"2":0},"f":{"0":0,"1":0},"b":{}}
,"/home/Coder/Escritorio/Prueba/src/database/migrations/1730000000006-SeedTickets.ts": {"path":"/home/Coder/Escritorio/Prueba/src/database/migrations/1730000000006-SeedTickets.ts","statementMap":{"0":{"start":{"line":5,"column":4},"end":{"line":11,"column":7}},"1":{"start":{"line":15,"column":4},"end":{"line":15,"column":53}},"2":{"start":{"line":3,"column":0},"end":{"line":3,"column":13}}},"fnMap":{"0":{"name":"(anonymous_0)","decl":{"start":{"line":4,"column":9},"end":{"line":4,"column":14}},"loc":{"start":{"line":4,"column":42},"end":{"line":12,"column":3}}},"1":{"name":"(anonymous_1)","decl":{"start":{"line":14,"column":9},"end":{"line":14,"column":14}},"loc":{"start":{"line":14,"column":44},"end":{"line":16,"column":3}}}},"branchMap":{},"s":{"0":0,"1":0,"2":0},"f":{"0":0,"1":0},"b":{}}
,"/home/Coder/Escritorio/Prueba/src/health/health.controller.ts": {"path":"/home/Coder/Escritorio/Prueba/src/health/health.controller.ts","statementMap":{"0":{"start":{"line":1,"column":0},"end":{"line":1,"column":49}},"1":{"start":{"line":2,"column":0},"end":{"line":2,"column":null}},"2":{"start":{"line":9,"column":0},"end":{"line":9,"column":69}},"3":{"start":{"line":13,"column":7},"end":{"line":38,"column":null}},"4":{"start":{"line":15,"column":16},"end":{"line":15,"column":24}},"5":{"start":{"line":16,"column":16},"end":{"line":16,"column":20}},"6":{"start":{"line":17,"column":16},"end":{"line":17,"column":24}},"7":{"start":{"line":18,"column":16},"end":{"line":18,"column":22}},"8":{"start":{"line":27,"column":8},"end":{"line":36,"column":11}},"9":{"start":{"line":29,"column":18},"end":{"line":29,"column":47}},"10":{"start":{"line":32,"column":18},"end":{"line":32,"column":73}},"11":{"start":{"line":35,"column":18},"end":{"line":35,"column":89}},"12":{"start":{"line":13,"column":13},"end":{"line":13,"column":29}},"13":{"start":{"line":26,"column":4},"end":{"line":37,"column":null}},"14":{"start":{"line":13,"column":13},"end":{"line":38,"column":null}}},"fnMap":{"0":{"name":"(anonymous_2)","decl":{"start":{"line":14,"column":4},"end":{"line":14,"column":null}},"loc":{"start":{"line":18,"column":41},"end":{"line":19,"column":9}}},"1":{"name":"(anonymous_3)","decl":{"start":{"line":26,"column":4},"end":{"line":26,"column":9}},"loc":{"start":{"line":26,"column":9},"end":{"line":37,"column":5}}},"2":{"name":"(anonymous_4)","decl":{"start":{"line":29,"column":12},"end":{"line":29,"column":15}},"loc":{"start":{"line":29,"column":18},"end":{"line":29,"column":47}}},"3":{"name":"(anonymous_5)","decl":{"start":{"line":32,"column":12},"end":{"line":32,"column":15}},"loc":{"start":{"line":32,"column":18},"end":{"line":32,"column":73}}},"4":{"name":"(anonymous_6)","decl":{"start":{"line":35,"column":12},"end":{"line":35,"column":15}},"loc":{"start":{"line":35,"column":18},"end":{"line":35,"column":89}}}},"branchMap":{"0":{"loc":{"start":{"line":15,"column":24},"end":{"line":15,"column":null}},"type":"cond-expr","locations":[{"start":{"line":15,"column":42},"end":{"line":15,"column":null}},{"start":{"line":15,"column":42},"end":{"line":15,"column":null}}]},"1":{"loc":{"start":{"line":15,"column":24},"end":{"line":15,"column":42}},"type":"binary-expr
[...]
,"/home/Coder/Escritorio/Prueba/src/user/user.module.ts": {"path":"/home/Coder/Escritorio/Prueba/src/user/user.module.ts","statementMap":{"0":{"start":{"line":1,"column":0},"end":{"line":1,"column":40}},"1":{"start":{"line":2,"column":0},"end":{"line":2,"column":45}},"2":{"start":{"line":3,"column":0},"end":{"line":3,"column":51}},"3":{"start":{"line":4,"column":0},"end":{"line":4,"column":46}},"4":{"start":{"line":5,"column":0},"end":{"line":5,"column":48}},"5":{"start":{"line":6,"column":0},"end":{"line":6,"column":53}},"6":{"start":{"line":14,"column":7},"end":{"line":14,"column":null}},"7":{"start":{"line":14,"column":13},"end":{"line":14,"column":23}},"8":{"start":{"line":14,"column":13},"end":{"line":14,"column":null}}},"fnMap":{},"branchMap":{},"s":{"0":0,"1":0,"2":0,"3":0,"4":0,"5":0,"6":0,"7":0,"8":0},"f":{},"b":{}}
,"/home/Coder/Escritorio/Prueba/src/user/user.service.ts": {"path":"/home/Coder/Escritorio/Prueba/src/user/user.service.ts","statementMap":{"0":{"start":{"line":1,"column":0},"end":{"line":1,"column":null}},"1":{"start":{"line":9,"column":0},"end":{"line":9,"column":58}},"2":{"start":{"line":10,"column":0},"end":{"line":10,"column":52}},"3":{"start":{"line":11,"column":0},"end":{"line":11,"column":51}},"4":{"start":{"line":12,"column":0},"end":{"line":12,"column":46}},"5":{"start":{"line":13,"column":0},"end":{"line":13,"column":37}},"6":{"start":{"line":14,"column":0},"end":{"line":14,"column":33}},"7":{"start":{"line":15,"column":0},"end":{"line":15,"column":53}},"8":{"start":{"line":17,"column":0},"end":{"line":17,"column":76}},"9":{"start":{"line":20,"column":24},"end":{"line":188,"column":null}},"10":{"start":{"line":21,"column":28},"end":{"line":21,"column":56}},"11":{"start":{"line":25,"column":21},"end":{"line":25,"column":37}},"12":{"start":{"line":28,"column":21},"end":{"line":28,"column":37}},"13":{"start":{"line":51,"column":4},"end":{"line":51,"column":65}},"14":{"start":{"line":54,"column":17},"end":{"line":56,"column":6}},"15":{"start":{"line":57,"column":4},"end":{"line":60,"column":5}},"16":{"start":{"line":58,"column":6},"end":{"line":58,"column":66}},"17":{"start":{"line":59,"column":6},"end":{"line":59,"column":59}},"18":{"start":{"line":63,"column":19},"end":{"line":65,"column":6}},"19":{"start":{"line":67,"column":4},"end":{"line":70,"column":5}},"20":{"start":{"line":68,"column":6},"end":{"line":68,"column":75}},"21":{"start":{"line":69,"column":6},"end":{"line":69,"column":76}},"22":{"start":{"line":73,"column":27},"end":{"line":73,"column":72}},"23":{"start":{"line":76,"column":17},"end":{"line":80,"column":6}},"24":{"start":{"line":83,"column":22},"end":{"line":83,"column":58}},"25":{"start":{"line":85,"column":4},"end":{"line":85,"column":95}},"26":{"start":{"line":88,"column":4},"end":{"line":90,"column":7}},"27":{"start":{"line":102,"column":4},"end":{"line":105,"column":7}},"28":{"start":{"line":118,"column":17},"end":{"line":121,"column":6}},"29":{"start":{"line":122,"column":4},"end":{"line":124,"column":5}},"30":{"start":{"line":123,"column":6},"end":{"line":123,"column":66}},"31":{"start":{"line":125,"column":4},"end":{"line":127,"column":7}},"32":{"start":{"line":139,"column":4},"end":{"line":139,"column":58}},"33":{"start":{"line":141,"column":39},"end":{"line":141,"column":58}},"34":{"start":{"line":143,"column":27},"end":{"line":148,"column":6}},"35":{"start":{"line":150,"column":17},"end":{"line":150,"column":91}},"36":{"start":{"line":151,"column":4},"end":{"line":151,"column":75}},"37":{"start":{"line":153,"column":4},"end":{"line":153,"column":64}},"38":{"start":{"line":161,"column":17},"end":{"line":161,"column":60}},"39":{"start":{"line":163,"column":4},"end":{"line":165,"column":5}},"40":{"start":{"line":164,"column":6},"end":{"line":164,"column":66}},"41":{"start":{"line":168,"column":4},"end":{"line":168,"column":56}},"42":{"start":{"line":169,"column":24},"end":{"line":169,"column":67}},"43":{"start":{"line":172,"column":4},"end":{"line":174,"column":7}},"44":{"start":{"line":179,"column":17},"end":{"line":179,"column":60}},"45":{"start":{"line":181,"column":4},"end":{"line":183,"column":5}},"46":{"start":{"line":182,"column":6},"end":{"line":182,"column":66}},"47":{"start":{"line":186,"column":4},"end":{"line":186,"column":45}},"48":{"start":{"line":20,"column":13},"end":{"line":20,"column":24}},"49":{"start":{"line":20,"column":13},"end":{"line":188,"column":null}}},"fnMap":{"0":{"name":"(anonymous_13)","decl":{"start":{"line":23,"column":2},"end":{"line":23,"column":null}},"loc":{"start":{"line":28,"column":53},"end":{"line":29,"column":7}}},"1":{"name":"(anonymous_14)","decl":{"start":{"line":50,"column":2},"end":{"line":50,"column":7}},"loc":{"start":{"line":50,"column":43},"end":{"line":91,"column":3}}},"2":{"name":"(anonymous_15)","decl":{"start":{"line":101,"column":2},"end":{"line":101,"column":7}},"loc":{"start":{"line":101,"column":33},"end":{"line":106,"column":3}}},"3":{"name":"(anonymous_16)","decl":{"start":{"line":117,"column":2},"end":{"line":117,"column":7}},"loc":{"start":{"line":117,"column":26},"end":{"line":128,"column":3}}},"4":{"name":"(anonymous_17)","decl":{"start":{"line":138,"column":2},"end":{"line":138,"column":7}},"loc":{"start":{"line":138,"column":45},"end":{"line":154,"column":3}}},"5":{"name":"(anonymous_18)","decl":{"start":{"line":157,"column":2},"end":{"line":157,"column":7}},"loc":{"start":{"line":159,"column":32},"end":{"line":175,"column":3}}},"6":{"name":"(anonymous_19)","decl":{"start":{"line":178,"column":2},"end":{"line":178,"column":7}},"loc":{"start":{"line":178,"column":25},"end":{"line":187,"column":3}}}},"branchMap":{"0":{"loc":{"start":{"line":57,"column":4},"end":{"line":60,"column":5}},"type":"if","locations":[{"start":{"line":57,"column":4},"end":{"line":60,"column":5}},{"start":{},"end":{}}]},"1":{"loc":{"start":{"line":67,"column":4},"end":{"line":70,"column":5}},"type":"if","locations":[{"start":{"line":67,"column":4},"end":{"line":70,"column":5}},{"start":{},"end":{}}]},"2":{"loc":{"start":{"line":122,"column":4},"end":{"line":124,"column":5}},"type":"if","locations":[{"start":{"line":122,"column":4},"end":{"line":124,"column":5}},{"start":{},"end":{}}]},"3":{"loc":{"start":{"line":141,"column":12},"end":{"line":141,"column":22}},"type":"default-arg","locations":[{"start":{"line":141,"column":20},"end":{"line":141,"column":22}}]},"4":{"loc":{"start":{"line":141,"column":24},"end":{"line":141,"column":34}},"type":"default-arg","locations":[{"start":{"line":141,"column":33},"end":{"line":141,"column":34}}]},"5":{"loc":{"start":{"line":141,"column":39},"end":{"line":141,"column":58}},"type":"binary-expr","locations":[{"start":{"line":141,"column":39},"end":{"line":141,"column":52}},{"start":{"line":141,"column":56},"end":{"line":141,"column":58}}]},"6":{"loc":{"start":{"line":163,"column":4},"end":{"line":165,"column":5}},"type":"if","locations":[{"start":{"line":163,"column":4},"end":{"line":165,"column":5}},{"start":{},"end":{}}]},"7":{"loc":{"start":{"line":181,"column":4},"end":{"line":183,"column":5}},"type":"if","locations":[{"start":{"line":181,"column":4},"end":{"line":183,"column":5}},{"start":{},"end":{}}]},"8":{"loc":{"start":{"line":25,"column":37},"end":{"line":25,"column":53}},"type":"cond-expr","locations":[{"start":{"line":25,"column":47},"end":{"line":25,"column":53}},{"start":{"line":25,"column":47},"end":{"line":25,"column":53}}]},"9":{"loc":{"start":{"line":25,"column":37},"end":{"line":25,"column":47}},"type":"binary-expr","locations":[{"start":{"line":25,"column":37},"end":{"line":25,"column":53}},{"start":{"line":25,"column":37},"end":{"line":25,"column":47}}]},"10":{"loc":{"start":{"line":25,"column":47},"end":{"line":28,"column":53}},"type":"cond-expr","locations":[{"start":{"line":28,"column":47},"end":{"line":28,"column":53}},{"start":{"line":28,"column":47},"end":{"line":28,"column":53}}]},"11":{"loc":{"start":{"line":25,"column":47},"end":{"line":28,"column":47}},"type":"binary-expr","locations":[{"start":{"line":25,"column":47},"end":{"line":28,"column":53}},{"start":{"line":28,"column":37},"end":{"line":28,"column":47}}]}},"s":{"0":2,"1":2,"2":2,"3":2,"4":2,"5":2,"6":2,"7":2,"8":2,"9":2,"10":9,"11":9,"12":9,"13":3,"14":3,"15":3,"16":1,"17":1,"18":2,"19":2,"20":1,"21":1,"22":1,"23":1,"24":1,"25":1,"26":1,"27":1,"28":2,"29":2,"30":1,"31":1,"32":1,"33":1,"34":1,"35":1,"36":1,"37":1,"38":0,"39":0,"40":0,"41":0,"42":0,"43":0,"44":2,"45":2,"46":1,"47":1,"48":2,"49":2},"f":{"0":9,"1":3,"2":1,"3":2,"4":1,"5":0,"6":2},"b":{"0":[1,2],"1":[1,1],"2":[1,1],"3":[0],"4":[0],"5":[1,0],"6":[0,0],"7":[1,1],"8":[2,0],"9":[2,2],"10":[2,0],"11":[2,2]}}
,"/home/Coder/Escritorio/Prueba/src/user/dto/create-user.dto.ts": {"path":"/home/Coder/Escritorio/Prueba/src/user/dto/create-user.dto.ts","statementMap":{"0":{"start":{"line":1,"column":0},"end":{"line":1,"column":null}},"1":{"start":{"line":9,"column":0},"end":{"line":9,"column":46}},"2":{"start":{"line":11,"column":0},"end":{"line":11,"column":13}},"3":{"start":{"line":20,"column":2},"end":{"line":20,"column":null}},"4":{"start":{"line":28,"column":2},"end":{"line":28,"column":null}},"5":{"start":{"line":44,"column":2},"end":{"line":44,"column":null}},"6":{"start":{"line":51,"column":2},"end":{"line":51,"column":null}}},"fnMap":{},"branchMap":{},"s":{"0":0,"1":0,"2":0,"3":0,"4":0,"5":0,"6":0},"f":{},"b":{}}
,"/home/Coder/Escritorio/Prueba/src/user/dto/response-user.dto.ts": {"path":"/home/Coder/Escritorio/Prueba/src/user/dto/response-user.dto.ts","statementMap":{"0":{"start":{"line":1,"column":0},"end":{"line":1,"column":69}},"1":{"start":{"line":2,"column":0},"end":{"line":2,"column":65}},"2":{"start":{"line":4,"column":0},"end":{"line":4,"column":13}},"3":{"start":{"line":6,"column":2},"end":{"line":6,"column":null}},"4":{"start":{"line":9,"column":2},"end":{"line":9,"column":null}},"5":{"start":{"line":12,"column":2},"end":{"line":12,"column":null}},"6":{"start":{"line":15,"column":2},"end":{"line":15,"column":null}},"7":{"start":{"line":19,"column":2},"end":{"line":19,"column":null}},"8":{"start":{"line":18,"column":26},"end":{"line":18,"column":40}},"9":{"start":{"line":25,"column":2},"end":{"line":25,"column":null}},"10":{"start":{"line":23,"column":4},"end":{"line":23,"column":62}},"11":{"start":{"line":31,"column":2},"end":{"line":31,"column":null}},"12":{"start":{"line":29,"column":4},"end":{"line":29,"column":62}},"13":{"start":{"line":34,"column":2},"end":{"line":34,"column":null}},"14":{"start":{"line":37,"column":2},"end":{"line":37,"column":null}}},"fnMap":{"0":{"name":"(anonymous_2)","decl":{"start":{"line":18,"column":13},"end":{"line":18,"column":14}},"loc":{"start":{"line":18,"column":26},"end":{"line":18,"column":40}}},"1":{"name":"(anonymous_3)","decl":{"start":{"line":22,"column":13},"end":{"line":22,"column":14}},"loc":{"start":{"line":23,"column":4},"end":{"line":23,"column":62}}},"2":{"name":"(anonymous_4)","decl":{"start":{"line":28,"column":13},"end":{"line":28,"column":14}},"loc":{"start":{"line":29,"column":4},"end":{"line":29,"column":62}}}},"branchMap":{"0":{"loc":{"start":{"line":19,"column":8},"end":{"line":19,"column":24}},"type":"cond-expr","locations":[{"start":{"line":19,"column":23},"end":{"line":19,"column":24}},{"start":{"line":19,"column":23},"end":{"line":19,"column":24}}]},"1":{"loc":{"start":{"line":19,"column":8},"end":{"line":19,"column":23}},"type":"binary-expr","locations":[{"start":{"line":19,"column":8},"end":{"line":19,"column":24}},{"start":{"line":19,"column":8},"end":{"line":19,"column":23}}]},"2":{"loc":{"start":{"line":23,"column":4},"end":{"line":23,"column":62}},"type":"cond-expr","locations":[{"start":{"line":23,"column":12},"end":{"line":23,"column":55}},{"start":{"line":23,"column":58},"end":{"line":23,"column":62}}]},"3":{"loc":{"start":{"line":25,"column":13},"end":{"line":25,"column":18}},"type":"cond-expr","locations":[{"start":{"line":25,"column":17},"end":{"line":25,"column":18}},{"start":{"line":25,"column":17},"end":{"line":25,"column":18}}]},"4":{"loc":{"start":{"line":25,"column":13},"end":{"line":25,"column":17}},"type":"binary-expr","locations":[{"start":{"line":25,"column":13},"end":{"line":25,"column":18}},{"start":{"line":25,"column":13},"end":{"line":25,"column":17}}]},"5":{"loc":{"start":{"line":29,"column":4},"end":{"line":29,"column":62}},"type":"cond-expr","locations":[{"start":{"line":29,"column":12},"end":{"line":29,"column":55}},{"start":{"line":29,"column":58},"end":{"line":29,"column":62}}]},"6":{"loc":{"start":{"line":31,"column":13},"end":{"line":31,"column":18}},"type":"cond-expr","locations":[{"start":{"line":31,"column":17},"end":{"line":31,"column":18}},{"start":{"line":31,"column":17},"end":{"line":31,"column":18}}]},"7":{"loc":{"start":{"line":31,"column":13},"end":{"line":31,"column":17}},"type":"binary-expr","locations":[{"start":{"line":31,"column":13},"end":{"line":31,"column":18}},{"start":{"line":31,"column":13},"end":{"line":31,"column":17}}]}},"s":{"0":2,"1":2,"2":2,"3":2,"4":2,"5":2,"6":2,"7":2,"8":4,"9":2,"10":4,"11":2,"12":4,"13":2,"14":2},"f":{"0":4,"1":4,"2":4},"b":{"0":[2,0],"1":[2,2],"2":[0,4],"3":[2,0],"4":[2,2],"5":[0,4],"6":[2,0],"7":[2,2]}}
,"/home/Coder/Escritorio/Prueba/src/user/dto/update-user.dto.ts": {"path":"/home/Coder/Escritorio/Prueba/src/user/dto/update-user.dto.ts","statementMap":{"0":{"start":{"line":1,"column":0},"end":{"line":1,"column":51}},"1":{"start":{"line":2,"column":0},"end":{"line":2,"column":50}},"2":{"start":{"line":5,"column":0},"end":{"line":5,"column":13}}},"fnMap":{},"branchMap":{},"s":{"0":0,"1":0,"2":0},"f":{},"b":{}}
,"/home/Coder/Escritorio/Prueba/src/user/entities/user.entity.ts": {"path":"/home/Coder/Escritorio/Prueba/src/user/entities/user.entity.ts","statementMap":{"0":{"start":{"line":1,"column":0},"end":{"line":1,"column":53}},"1":{"start":{"line":2,"column":0},"end":{"line":2,"column":61}},"2":{"start":{"line":3,"column":0},"end":{"line":3,"column":null}},"3":{"start":{"line":20,"column":7},"end":{"line":54,"column":null}},"4":{"start":{"line":20,"column":13},"end":{"line":20,"column":17}},"5":{"start":{"line":22,"column":2},"end":{"line":22,"column":null}},"6":{"start":{"line":25,"column":2},"end":{"line":25,"column":null}},"7":{"start":{"line":28,"column":2},"end":{"line":28,"column":null}},"8":{"start":{"line":31,"column":2},"end":{"line":31,"column":null}},"9":{"start":{"line":34,"column":2},"end":{"line":34,"column":null}},"10":{"start":{"line":37,"column":2},"end":{"line":37,"column":null}},"11":{"start":{"line":41,"column":2},"end":{"line":41,"column":null}},"12":{"start":{"line":39,"column":19},"end":{"line":39,"column":23}},"13":{"start":{"line":39,"column":35},"end":{"line":39,"column":45}},"14":{"start":{"line":44,"column":2},"end":{"line":44,"column":null}},"15":{"start":{"line":43,"column":19},"end":{"line":43,"column":25}},"16":{"start":{"line":43,"column":39},"end":{"line":43,"column":54}},"17":{"start":{"line":47,"column":2},"end":{"line":47,"column":null}},"18":{"start":{"line":46,"column":19},"end":{"line":46,"column":25}},"19":{"start":{"line":46,"column":39},"end":{"line":46,"column":56}},"20":{"start":{"line":50,"column":2},"end":{"line":50,"column":null}},"21":{"start":{"line":53,"column":2},"end":{"line":53,"column":null}},"22":{"start":{"line":20,"column":13},"end":{"line":54,"column":null}}},"fnMap":{"0":{"name":"(anonymous_2)","decl":{"start":{"line":39,"column":13},"end":{"line":39,"column":16}},"loc":{"start":{"line":39,"column":19},"end":{"line":39,"column":23}}},"1":{"name":"(anonymous_3)","decl":{"start":{"line":39,"column":25},"end":{"line":39,"column":26}},"loc":{"start":{"line":39,"column":35},"end":{"line":39,"column":45}}},"2":{"name":"(anonymous_4)","decl":{"start":{"line":43,"column":13},"end":{"line":43,"column":16}},"loc":{"start":{"line":43,"column":19},"end":{"line":43,"column":25}}},"3":{"name":"(anonymous_5)","decl":{"start":{"line":43,"column":27},"end":{"line":43,"column":28}},"loc":{"start":{"line":43,"column":39},"end":{"line":43,"column":54}}},"4":{"name":"(anonymous_6)","decl":{"start":{"line":46,"column":13},"end":{"line":46,"column":16}},"loc":{"start":{"line":46,"column":19},"end":{"line":46,"column":25}}},"5":{"name":"(anonymous_7)","decl":{"start":{"line":46,"column":27},"end":{"line":46,"column":28}},"loc":{"start":{"line":46,"column":39},"end":{"line":46,"column":56}}}},"branchMap":{"0":{"loc":{"start":{"line":41,"column":8},"end":{"line":41,"column":13}},"type":"cond-expr","locations":[{"start":{"line":41,"column":12},"end":{"line":41,"column":13}},{"start":{"line":41,"column":12},"end":{"line":41,"column":13}}]},"1":{"loc":{"start":{"line":41,"column":8},"end":{"line":41,"column":12}},"type":"binary-expr","locations":[{"start":{"line":41,"column":8},"end":{"line":41,"column":13}},{"start":{"line":41,"column":8},"end":{"line":41,"column":12}}]},"2":{"loc":{"start":{"line":50,"column":13},"end":{"line":50,"column":18}},"type":"cond-expr","locations":[{"start":{"line":50,"column":17},"end":{"line":50,"column":18}},{"start":{"line":50,"column":17},"end":{"line":50,"column":18}}]},"3":{"loc":{"start":{"line":50,"column":13},"end":{"line":50,"column":17}},"type":"binary-expr","locations":[{"start":{"line":50,"column":13},"end":{"line":50,"column":18}},{"start":{"line":50,"column":13},"end":{"line":50,"column":17}}]},"4":{"loc":{"start":{"line":53,"column":13},"end":{"line":53,"column":18}},"type":"cond-expr","locations":[{"start":{"line":53,"column":17},"end":{"line":53,"column":18}},{"start":{"line":53,"column":17},"end":{"line":53,"column":18}}]},"5":{"loc":{"start":{"line":53,"column":13},"end":{"line":53,"column":17}},"type":"binary-expr","locations":[{"start":{"line":53,"column":13},"end":{"line":53,"column":18}},{"start":{"line":53,"column":13},"end":{"line":53,"column":17}}]}},"s":{"0":3,"1":3,"2":3,"3":3,"4":3,"5":3,"6":3,"7":3,"8":3,"9":3,"10":3,"11":3,"12":0,"13":0,"14":3,"15":0,"16":0,"17":3,"18":0,"19":0,"20":3,"21":3,"22":3},"f":{"0":0,"1":0,"2":0,"3":0,"4":0,"5":0},"b":{"0":[3,0],"1":[3,3],"2":[3,0],"3":[3,3],"4":[3,0],"5":[3,3]}}
}
